Equivariant MPNN package based on three-body descriptors 
2023-05-18-00_01_01 
Epoch=      0,  lr= 2.000000e-03  train: 1.260443e+01  validation: 1.127974e+01  
Epoch=      1,  lr= 2.000000e-03  train: 1.252968e+01  validation: 1.129237e+01  
Epoch=      2,  lr= 2.000000e-03  train: 1.251586e+01  validation: 1.129659e+01  
Epoch=      3,  lr= 2.000000e-03  train: 1.250978e+01  validation: 1.129681e+01  
Epoch=      4,  lr= 2.000000e-03  train: 1.250623e+01  validation: 1.129490e+01  
Epoch=      5,  lr= 2.000000e-03  train: 1.250389e+01  validation: 1.129186e+01  
Epoch=      6,  lr= 2.000000e-03  train: 1.250230e+01  validation: 1.128830e+01  
Epoch=      7,  lr= 2.000000e-03  train: 1.250124e+01  validation: 1.128462e+01  
Epoch=      8,  lr= 2.000000e-03  train: 1.250058e+01  validation: 1.128104e+01  
Epoch=      9,  lr= 2.000000e-03  train: 1.250023e+01  validation: 1.127773e+01  
Epoch=     10,  lr= 2.000000e-03  train: 1.250011e+01  validation: 1.127475e+01  
Epoch=     11,  lr= 2.000000e-03  train: 1.250017e+01  validation: 1.127214e+01  
Epoch=     12,  lr= 2.000000e-03  train: 1.250034e+01  validation: 1.126992e+01  
Epoch=     13,  lr= 2.000000e-03  train: 1.250058e+01  validation: 1.126807e+01  
Epoch=     14,  lr= 2.000000e-03  train: 1.250085e+01  validation: 1.126657e+01  
Epoch=     15,  lr= 2.000000e-03  train: 1.250113e+01  validation: 1.126537e+01  
Epoch=     16,  lr= 2.000000e-03  train: 1.250140e+01  validation: 1.126445e+01  
Epoch=     17,  lr= 2.000000e-03  train: 1.250165e+01  validation: 1.126377e+01  
Epoch=     18,  lr= 2.000000e-03  train: 1.250186e+01  validation: 1.126328e+01  
Epoch=     19,  lr= 2.000000e-03  train: 1.250204e+01  validation: 1.126295e+01  
Epoch=     20,  lr= 2.000000e-03  train: 1.250219e+01  validation: 1.126276e+01  
Epoch=     21,  lr= 2.000000e-03  train: 1.250230e+01  validation: 1.126266e+01  
Epoch=     22,  lr= 2.000000e-03  train: 1.250239e+01  validation: 1.126264e+01  
Epoch=     23,  lr= 2.000000e-03  train: 1.250244e+01  validation: 1.126267e+01  
Epoch=     24,  lr= 2.000000e-03  train: 1.250248e+01  validation: 1.126273e+01  
Epoch=     25,  lr= 2.000000e-03  train: 1.250249e+01  validation: 1.126280e+01  
Epoch=     26,  lr= 2.000000e-03  train: 1.250249e+01  validation: 1.126288e+01  
Epoch=     27,  lr= 2.000000e-03  train: 1.250248e+01  validation: 1.126296e+01  
Epoch=     28,  lr= 2.000000e-03  train: 1.250246e+01  validation: 1.126302e+01  
Epoch=     29,  lr= 2.000000e-03  train: 1.250242e+01  validation: 1.126305e+01  
Epoch=     30,  lr= 2.000000e-03  train: 1.250239e+01  validation: 1.126306e+01  
Epoch=     31,  lr= 2.000000e-03  train: 1.250234e+01  validation: 1.126305e+01  
Epoch=     32,  lr= 2.000000e-03  train: 1.250229e+01  validation: 1.126300e+01  
Epoch=     33,  lr= 2.000000e-03  train: 1.250224e+01  validation: 1.126293e+01  
Epoch=     34,  lr= 2.000000e-03  train: 1.250218e+01  validation: 1.126281e+01  
Epoch=     35,  lr= 2.000000e-03  train: 1.250212e+01  validation: 1.126267e+01  
Epoch=     36,  lr= 2.000000e-03  train: 1.250205e+01  validation: 1.126249e+01  
Epoch=     37,  lr= 2.000000e-03  train: 1.250197e+01  validation: 1.126227e+01  
Epoch=     38,  lr= 2.000000e-03  train: 1.250189e+01  validation: 1.126202e+01  
Epoch=     39,  lr= 2.000000e-03  train: 1.250180e+01  validation: 1.126173e+01  
Epoch=     40,  lr= 2.000000e-03  train: 1.250170e+01  validation: 1.126139e+01  
Epoch=     41,  lr= 2.000000e-03  train: 1.250159e+01  validation: 1.126102e+01  
Epoch=     42,  lr= 2.000000e-03  train: 1.250146e+01  validation: 1.126060e+01  
Epoch=     43,  lr= 2.000000e-03  train: 1.250132e+01  validation: 1.126013e+01  
Epoch=     44,  lr= 2.000000e-03  train: 1.250116e+01  validation: 1.125962e+01  
Epoch=     45,  lr= 2.000000e-03  train: 1.250099e+01  validation: 1.125905e+01  
Epoch=     46,  lr= 2.000000e-03  train: 1.250079e+01  validation: 1.125842e+01  
Epoch=     47,  lr= 2.000000e-03  train: 1.250058e+01  validation: 1.125774e+01  
Epoch=     48,  lr= 2.000000e-03  train: 1.250033e+01  validation: 1.125699e+01  
Epoch=     49,  lr= 2.000000e-03  train: 1.250006e+01  validation: 1.125618e+01  
Epoch=     50,  lr= 2.000000e-03  train: 1.249976e+01  validation: 1.125531e+01  
Epoch=     51,  lr= 2.000000e-03  train: 1.249943e+01  validation: 1.125437e+01  
Epoch=     52,  lr= 2.000000e-03  train: 1.249907e+01  validation: 1.125336e+01  
Epoch=     53,  lr= 2.000000e-03  train: 1.249868e+01  validation: 1.125229e+01  
Epoch=     54,  lr= 2.000000e-03  train: 1.249823e+01  validation: 1.125116e+01  
Epoch=     55,  lr= 2.000000e-03  train: 1.249775e+01  validation: 1.124996e+01  
Epoch=     56,  lr= 2.000000e-03  train: 1.249723e+01  validation: 1.124871e+01  
Epoch=     57,  lr= 2.000000e-03  train: 1.249666e+01  validation: 1.124740e+01  
Epoch=     58,  lr= 2.000000e-03  train: 1.249604e+01  validation: 1.124604e+01  
Epoch=     59,  lr= 2.000000e-03  train: 1.249537e+01  validation: 1.124464e+01  
Epoch=     60,  lr= 2.000000e-03  train: 1.249465e+01  validation: 1.124321e+01  
Epoch=     61,  lr= 2.000000e-03  train: 1.249387e+01  validation: 1.124175e+01  
Epoch=     62,  lr= 2.000000e-03  train: 1.249303e+01  validation: 1.124027e+01  
Epoch=     63,  lr= 2.000000e-03  train: 1.249212e+01  validation: 1.123877e+01  
Epoch=     64,  lr= 2.000000e-03  train: 1.249117e+01  validation: 1.123729e+01  
Epoch=     65,  lr= 2.000000e-03  train: 1.249012e+01  validation: 1.123581e+01  
Epoch=     66,  lr= 2.000000e-03  train: 1.248901e+01  validation: 1.123433e+01  
Epoch=     67,  lr= 2.000000e-03  train: 1.248783e+01  validation: 1.123288e+01  
Epoch=     68,  lr= 2.000000e-03  train: 1.248655e+01  validation: 1.123145e+01  
Epoch=     69,  lr= 2.000000e-03  train: 1.248518e+01  validation: 1.123003e+01  
Epoch=     70,  lr= 2.000000e-03  train: 1.248374e+01  validation: 1.122865e+01  
Epoch=     71,  lr= 2.000000e-03  train: 1.248218e+01  validation: 1.122730e+01  
Epoch=     72,  lr= 2.000000e-03  train: 1.248051e+01  validation: 1.122596e+01  
Epoch=     73,  lr= 2.000000e-03  train: 1.247876e+01  validation: 1.122466e+01  
Epoch=     74,  lr= 2.000000e-03  train: 1.247690e+01  validation: 1.122338e+01  
Epoch=     75,  lr= 2.000000e-03  train: 1.247496e+01  validation: 1.122212e+01  
Epoch=     76,  lr= 2.000000e-03  train: 1.247285e+01  validation: 1.122090e+01  
Epoch=     77,  lr= 2.000000e-03  train: 1.247062e+01  validation: 1.121970e+01  
Epoch=     78,  lr= 2.000000e-03  train: 1.246832e+01  validation: 1.121855e+01  
Epoch=     79,  lr= 2.000000e-03  train: 1.246582e+01  validation: 1.121743e+01  
Epoch=     80,  lr= 2.000000e-03  train: 1.246320e+01  validation: 1.121632e+01  
Epoch=     81,  lr= 2.000000e-03  train: 1.246047e+01  validation: 1.121526e+01  
Epoch=     82,  lr= 2.000000e-03  train: 1.245752e+01  validation: 1.121422e+01  
Epoch=     83,  lr= 2.000000e-03  train: 1.245446e+01  validation: 1.121323e+01  
Epoch=     84,  lr= 2.000000e-03  train: 1.245112e+01  validation: 1.121223e+01  
Epoch=     85,  lr= 2.000000e-03  train: 1.244785e+01  validation: 1.121135e+01  
Epoch=     86,  lr= 2.000000e-03  train: 1.244389e+01  validation: 1.121047e+01  
Epoch=     87,  lr= 2.000000e-03  train: 1.243983e+01  validation: 1.120961e+01  
Epoch=     88,  lr= 2.000000e-03  train: 1.243554e+01  validation: 1.120882e+01  
Epoch=     89,  lr= 2.000000e-03  train: 1.243085e+01  validation: 1.120808e+01  
Epoch=     90,  lr= 2.000000e-03  train: 1.242572e+01  validation: 1.120738e+01  
Epoch=     91,  lr= 2.000000e-03  train: 1.242014e+01  validation: 1.120674e+01  
Epoch=     92,  lr= 2.000000e-03  train: 1.241402e+01  validation: 1.120617e+01  
Epoch=     93,  lr= 2.000000e-03  train: 1.240725e+01  validation: 1.120568e+01  
Epoch=     94,  lr= 2.000000e-03  train: 1.239968e+01  validation: 1.120518e+01  
Epoch=     95,  lr= 2.000000e-03  train: 1.239173e+01  validation: 1.120492e+01  
Epoch=     96,  lr= 2.000000e-03  train: 1.238204e+01  validation: 1.120463e+01  
Epoch=     97,  lr= 2.000000e-03  train: 1.237136e+01  validation: 1.120438e+01  
Epoch=     98,  lr= 2.000000e-03  train: 1.235974e+01  validation: 1.120423e+01  
Epoch=     99,  lr= 2.000000e-03  train: 1.234697e+01  validation: 1.120426e+01  
Epoch=    100,  lr= 2.000000e-03  train: 1.233232e+01  validation: 1.120437e+01  
Epoch=    101,  lr= 2.000000e-03  train: 1.231662e+01  validation: 1.120485e+01  
Epoch=    102,  lr= 2.000000e-03  train: 1.229805e+01  validation: 1.120544e+01  
Epoch=    103,  lr= 2.000000e-03  train: 1.227767e+01  validation: 1.120626e+01  
Epoch=    104,  lr= 2.000000e-03  train: 1.225538e+01  validation: 1.120750e+01  
Epoch=    105,  lr= 2.000000e-03  train: 1.223126e+01  validation: 1.120939e+01  
Epoch=    106,  lr= 2.000000e-03  train: 1.220415e+01  validation: 1.121163e+01  
Epoch=    107,  lr= 2.000000e-03  train: 1.217501e+01  validation: 1.121471e+01  
Epoch=    108,  lr= 2.000000e-03  train: 1.214265e+01  validation: 1.121848e+01  
Epoch=    109,  lr= 2.000000e-03  train: 1.210849e+01  validation: 1.122309e+01  
Epoch=    110,  lr= 2.000000e-03  train: 1.207197e+01  validation: 1.122859e+01  
Epoch=    111,  lr= 2.000000e-03  train: 1.203350e+01  validation: 1.123506e+01  
Epoch=    112,  lr= 2.000000e-03  train: 1.199319e+01  validation: 1.124243e+01  
Epoch=    113,  lr= 2.000000e-03  train: 1.195129e+01  validation: 1.125053e+01  
Epoch=    114,  lr= 2.000000e-03  train: 1.190836e+01  validation: 1.125987e+01  
Epoch=    115,  lr= 2.000000e-03  train: 1.186390e+01  validation: 1.127075e+01  
Epoch=    116,  lr= 2.000000e-03  train: 1.181705e+01  validation: 1.128337e+01  
Epoch=    117,  lr= 2.000000e-03  train: 1.176740e+01  validation: 1.129893e+01  
Epoch=    118,  lr= 2.000000e-03  train: 1.171356e+01  validation: 1.131830e+01  
Epoch=    119,  lr= 2.000000e-03  train: 1.165381e+01  validation: 1.134282e+01  
Epoch=    120,  lr= 2.000000e-03  train: 1.158689e+01  validation: 1.137566e+01  
Epoch=    121,  lr= 2.000000e-03  train: 1.150951e+01  validation: 1.141891e+01  
Epoch=    122,  lr= 2.000000e-03  train: 1.142074e+01  validation: 1.148143e+01  
Epoch=    123,  lr= 2.000000e-03  train: 1.131380e+01  validation: 1.156738e+01  
Epoch=    124,  lr= 2.000000e-03  train: 1.119016e+01  validation: 1.170785e+01  
Epoch=    125,  lr= 2.000000e-03  train: 1.103117e+01  validation: 1.191677e+01  
Epoch=    126,  lr= 2.000000e-03  train: 1.085023e+01  validation: 1.233862e+01  
Epoch=    127,  lr= 2.000000e-03  train: 1.063367e+01  validation: 1.334797e+01  
Epoch=    128,  lr= 2.000000e-03  train: 1.054694e+01  validation: 1.645497e+01  
Epoch=    129,  lr= 2.000000e-03  train: 1.106007e+01  validation: 2.224326e+01  
Epoch=    130,  lr= 2.000000e-03  train: 1.352192e+01  validation: 1.380909e+01  
Epoch=    131,  lr= 2.000000e-03  train: 1.394180e+01  validation: 1.474842e+01  
Epoch=    132,  lr= 2.000000e-03  train: 1.362346e+01  validation: 1.378573e+01  
Epoch=    133,  lr= 2.000000e-03  train: 1.224425e+01  validation: 1.180080e+01  
Epoch=    134,  lr= 2.000000e-03  train: 1.184227e+01  validation: 1.127613e+01  
Epoch=    135,  lr= 2.000000e-03  train: 1.202398e+01  validation: 1.120229e+01  
Epoch=    136,  lr= 2.000000e-03  train: 1.219220e+01  validation: 1.119994e+01  
Epoch=    137,  lr= 2.000000e-03  train: 1.227184e+01  validation: 1.119983e+01  
Epoch=    138,  lr= 2.000000e-03  train: 1.229161e+01  validation: 1.119996e+01  
Epoch=    139,  lr= 2.000000e-03  train: 1.228133e+01  validation: 1.120546e+01  
Epoch=    140,  lr= 2.000000e-03  train: 1.225822e+01  validation: 1.121813e+01  
Epoch=    141,  lr= 2.000000e-03  train: 1.222966e+01  validation: 1.123673e+01  
Epoch=    142,  lr= 2.000000e-03  train: 1.219723e+01  validation: 1.125837e+01  
Epoch=    143,  lr= 2.000000e-03  train: 1.215939e+01  validation: 1.127960e+01  
Epoch=    144,  lr= 2.000000e-03  train: 1.211307e+01  validation: 1.129701e+01  
Epoch=    145,  lr= 2.000000e-03  train: 1.205458e+01  validation: 1.130794e+01  
Epoch=    146,  lr= 2.000000e-03  train: 1.198087e+01  validation: 1.131208e+01  
Epoch=    147,  lr= 2.000000e-03  train: 1.189106e+01  validation: 1.131424e+01  
Epoch=    148,  lr= 2.000000e-03  train: 1.178700e+01  validation: 1.132861e+01  
Epoch=    149,  lr= 2.000000e-03  train: 1.166923e+01  validation: 1.138433e+01  
Epoch=    150,  lr= 2.000000e-03  train: 1.152894e+01  validation: 1.151812e+01  
Epoch=    151,  lr= 2.000000e-03  train: 1.134538e+01  validation: 1.169044e+01  
Epoch=    152,  lr= 2.000000e-03  train: 1.111592e+01  validation: 1.180887e+01  
Epoch=    153,  lr= 2.000000e-03  train: 1.098251e+01  validation: 1.222246e+01  
Epoch=    154,  lr= 2.000000e-03  train: 1.092018e+01  validation: 1.285350e+01  
Epoch=    155,  lr= 2.000000e-03  train: 1.081026e+01  validation: 1.334170e+01  
Epoch=    156,  lr= 2.000000e-03  train: 1.057301e+01  validation: 1.321050e+01  
Epoch=    157,  lr= 2.000000e-03  train: 1.043363e+01  validation: 1.331311e+01  
Epoch=    158,  lr= 2.000000e-03  train: 1.034225e+01  validation: 1.318157e+01  
Epoch=    159,  lr= 2.000000e-03  train: 1.033727e+01  validation: 1.372160e+01  
Epoch=    160,  lr= 2.000000e-03  train: 1.030755e+01  validation: 1.372101e+01  
Epoch=    161,  lr= 2.000000e-03  train: 1.029913e+01  validation: 1.487798e+01  
Epoch=    162,  lr= 2.000000e-03  train: 1.032052e+01  validation: 1.496676e+01  
Epoch=    163,  lr= 2.000000e-03  train: 1.031921e+01  validation: 1.480111e+01  
Epoch=    164,  lr= 2.000000e-03  train: 1.029661e+01  validation: 1.464613e+01  
Epoch=    165,  lr= 2.000000e-03  train: 1.028625e+01  validation: 1.413964e+01  
Epoch=    166,  lr= 2.000000e-03  train: 1.027648e+01  validation: 1.417722e+01  
Epoch=    167,  lr= 2.000000e-03  train: 1.027530e+01  validation: 1.402050e+01  
Epoch=    168,  lr= 2.000000e-03  train: 1.028030e+01  validation: 1.412680e+01  
Epoch=    169,  lr= 2.000000e-03  train: 1.027942e+01  validation: 1.414692e+01  
Epoch=    170,  lr= 2.000000e-03  train: 1.027909e+01  validation: 1.419004e+01  
Epoch=    171,  lr= 2.000000e-03  train: 1.027745e+01  validation: 1.422960e+01  
Epoch=    172,  lr= 2.000000e-03  train: 1.027513e+01  validation: 1.419218e+01  
Epoch=    173,  lr= 2.000000e-03  train: 1.027468e+01  validation: 1.424606e+01  
Epoch=    174,  lr= 2.000000e-03  train: 1.027462e+01  validation: 1.422873e+01  
Epoch=    175,  lr= 2.000000e-03  train: 1.027483e+01  validation: 1.429306e+01  
Epoch=    176,  lr= 2.000000e-03  train: 1.027487e+01  validation: 1.431222e+01  
Epoch=    177,  lr= 2.000000e-03  train: 1.027483e+01  validation: 1.432197e+01  
Epoch=    178,  lr= 2.000000e-03  train: 1.027471e+01  validation: 1.432584e+01  
Epoch=    179,  lr= 2.000000e-03  train: 1.027467e+01  validation: 1.428175e+01  
Epoch=    180,  lr= 2.000000e-03  train: 1.027445e+01  validation: 1.426967e+01  
Epoch=    181,  lr= 2.000000e-03  train: 1.027443e+01  validation: 1.424395e+01  
Epoch=    182,  lr= 2.000000e-03  train: 1.027447e+01  validation: 1.424075e+01  
Epoch=    183,  lr= 2.000000e-03  train: 1.027450e+01  validation: 1.425001e+01  
Epoch=    184,  lr= 2.000000e-03  train: 1.027448e+01  validation: 1.425062e+01  
Epoch=    185,  lr= 2.000000e-03  train: 1.027448e+01  validation: 1.426329e+01  
Epoch=    186,  lr= 2.000000e-03  train: 1.027445e+01  validation: 1.426078e+01  
Epoch=    187,  lr= 2.000000e-03  train: 1.027443e+01  validation: 1.426215e+01  
Epoch=    188,  lr= 2.000000e-03  train: 1.027443e+01  validation: 1.426481e+01  
Epoch=    189,  lr= 2.000000e-03  train: 1.027444e+01  validation: 1.426408e+01  
Epoch=    190,  lr= 2.000000e-03  train: 1.027444e+01  validation: 1.427040e+01  
Epoch=    191,  lr= 2.000000e-03  train: 1.027444e+01  validation: 1.427067e+01  
Epoch=    192,  lr= 2.000000e-03  train: 1.027444e+01  validation: 1.427011e+01  
Epoch=    193,  lr= 2.000000e-03  train: 1.027443e+01  validation: 1.426872e+01  
Epoch=    194,  lr= 2.000000e-03  train: 1.027443e+01  validation: 1.426377e+01  
Epoch=    195,  lr= 2.000000e-03  train: 1.027443e+01  validation: 1.426267e+01  
Epoch=    196,  lr= 2.000000e-03  train: 1.027443e+01  validation: 1.426185e+01  
Epoch=    197,  lr= 2.000000e-03  train: 1.027443e+01  validation: 1.426209e+01  
Epoch=    198,  lr= 2.000000e-03  train: 1.027443e+01  validation: 1.426407e+01  
Epoch=    199,  lr= 2.000000e-03  train: 1.027443e+01  validation: 1.426414e+01  
Epoch=    200,  lr= 2.000000e-03  train: 1.027443e+01  validation: 1.426450e+01  
Epoch=    201,  lr= 2.000000e-03  train: 1.027443e+01  validation: 1.426473e+01  
Epoch=    202,  lr= 2.000000e-03  train: 1.027443e+01  validation: 1.426439e+01  
Epoch=    203,  lr= 2.000000e-03  train: 1.027443e+01  validation: 1.426508e+01  
Epoch=    204,  lr= 2.000000e-03  train: 1.027443e+01  validation: 1.426540e+01  
Epoch=    205,  lr= 2.000000e-03  train: 1.027443e+01  validation: 1.426531e+01  
Epoch=    206,  lr= 2.000000e-03  train: 1.027443e+01  validation: 1.426530e+01  
Epoch=    207,  lr= 2.000000e-03  train: 1.027443e+01  validation: 1.426471e+01  
Epoch=    208,  lr= 2.000000e-03  train: 1.027443e+01  validation: 1.426432e+01  
Epoch=    209,  lr= 2.000000e-03  train: 1.027443e+01  validation: 1.426433e+01  
Epoch=    210,  lr= 2.000000e-03  train: 1.027443e+01  validation: 1.426431e+01  
Epoch=    211,  lr= 2.000000e-03  train: 1.027443e+01  validation: 1.426450e+01  
Epoch=    212,  lr= 2.000000e-03  train: 1.027443e+01  validation: 1.426466e+01  
Epoch=    213,  lr= 2.000000e-03  train: 1.027443e+01  validation: 1.426459e+01  
Epoch=    214,  lr= 2.000000e-03  train: 1.027443e+01  validation: 1.426462e+01  
Epoch=    215,  lr= 2.000000e-03  train: 1.027443e+01  validation: 1.426466e+01  
Epoch=    216,  lr= 2.000000e-03  train: 1.027443e+01  validation: 1.426468e+01  
Epoch=    217,  lr= 2.000000e-03  train: 1.027443e+01  validation: 1.426477e+01  
Epoch=    218,  lr= 2.000000e-03  train: 1.027443e+01  validation: 1.426477e+01  
Epoch=    219,  lr= 2.000000e-03  train: 1.027443e+01  validation: 1.426468e+01  
Epoch=    220,  lr= 2.000000e-03  train: 1.027443e+01  validation: 1.426463e+01  
Epoch=    221,  lr= 2.000000e-03  train: 1.027443e+01  validation: 1.426460e+01  
Epoch=    222,  lr= 2.000000e-03  train: 1.027443e+01  validation: 1.426459e+01  
Epoch=    223,  lr= 2.000000e-03  train: 1.027443e+01  validation: 1.426463e+01  
Epoch=    224,  lr= 2.000000e-03  train: 1.027443e+01  validation: 1.426464e+01  
Epoch=    225,  lr= 2.000000e-03  train: 1.027443e+01  validation: 1.426463e+01  
Epoch=    226,  lr= 2.000000e-03  train: 1.027443e+01  validation: 1.426463e+01  
Epoch=    227,  lr= 2.000000e-03  train: 1.027443e+01  validation: 1.426464e+01  
Epoch=    228,  lr= 2.000000e-03  train: 1.027443e+01  validation: 1.426465e+01  
Epoch=    229,  lr= 2.000000e-03  train: 1.027443e+01  validation: 1.426467e+01  
Epoch=    230,  lr= 2.000000e-03  train: 1.027443e+01  validation: 1.426467e+01  
Epoch=    231,  lr= 2.000000e-03  train: 1.027443e+01  validation: 1.426465e+01  
Epoch=    232,  lr= 2.000000e-03  train: 1.027443e+01  validation: 1.426464e+01  
Epoch=    233,  lr= 2.000000e-03  train: 1.027443e+01  validation: 1.426464e+01  
Epoch=    234,  lr= 2.000000e-03  train: 1.027443e+01  validation: 1.426464e+01  
Epoch=    235,  lr= 2.000000e-03  train: 1.027443e+01  validation: 1.426464e+01  
Epoch=    236,  lr= 2.000000e-03  train: 1.027443e+01  validation: 1.426464e+01  
Epoch=    237,  lr= 2.000000e-03  train: 1.027443e+01  validation: 1.426464e+01  
Epoch=    238,  lr= 1.000000e-03  train: 1.027443e+01  validation: 1.426464e+01  
Epoch=    239,  lr= 1.000000e-03  train: 1.027443e+01  validation: 1.426464e+01  
Epoch=    240,  lr= 1.000000e-03  train: 1.027443e+01  validation: 1.426464e+01  
Epoch=    241,  lr= 1.000000e-03  train: 1.027443e+01  validation: 1.426464e+01  
Epoch=    242,  lr= 1.000000e-03  train: 1.027443e+01  validation: 1.426464e+01  
Epoch=    243,  lr= 1.000000e-03  train: 1.027443e+01  validation: 1.426464e+01  
Epoch=    244,  lr= 1.000000e-03  train: 1.027443e+01  validation: 1.426465e+01  
Epoch=    245,  lr= 1.000000e-03  train: 1.027443e+01  validation: 1.426465e+01  
Epoch=    246,  lr= 1.000000e-03  train: 1.027443e+01  validation: 1.426465e+01  
Epoch=    247,  lr= 1.000000e-03  train: 1.027443e+01  validation: 1.426465e+01  
Epoch=    248,  lr= 1.000000e-03  train: 1.027443e+01  validation: 1.426465e+01  
Epoch=    249,  lr= 1.000000e-03  train: 1.027443e+01  validation: 1.426465e+01  
Epoch=    250,  lr= 1.000000e-03  train: 1.027443e+01  validation: 1.426465e+01  
Epoch=    251,  lr= 1.000000e-03  train: 1.027443e+01  validation: 1.426464e+01  
Epoch=    252,  lr= 1.000000e-03  train: 1.027443e+01  validation: 1.426464e+01  
Epoch=    253,  lr= 1.000000e-03  train: 1.027443e+01  validation: 1.426464e+01  
Epoch=    254,  lr= 1.000000e-03  train: 1.027443e+01  validation: 1.426464e+01  
Epoch=    255,  lr= 1.000000e-03  train: 1.027443e+01  validation: 1.426464e+01  
Epoch=    256,  lr= 1.000000e-03  train: 1.027443e+01  validation: 1.426464e+01  
Epoch=    257,  lr= 1.000000e-03  train: 1.027443e+01  validation: 1.426464e+01  
Epoch=    258,  lr= 1.000000e-03  train: 1.027443e+01  validation: 1.426464e+01  
Epoch=    259,  lr= 1.000000e-03  train: 1.027443e+01  validation: 1.426464e+01  
Epoch=    260,  lr= 1.000000e-03  train: 1.027443e+01  validation: 1.426464e+01  
Epoch=    261,  lr= 1.000000e-03  train: 1.027443e+01  validation: 1.426464e+01  
Epoch=    262,  lr= 1.000000e-03  train: 1.027443e+01  validation: 1.426464e+01  
Epoch=    263,  lr= 1.000000e-03  train: 1.027443e+01  validation: 1.426464e+01  
Epoch=    264,  lr= 1.000000e-03  train: 1.027443e+01  validation: 1.426464e+01  
Epoch=    265,  lr= 1.000000e-03  train: 1.027443e+01  validation: 1.426464e+01  
Epoch=    266,  lr= 1.000000e-03  train: 1.027443e+01  validation: 1.426464e+01  
Epoch=    267,  lr= 1.000000e-03  train: 1.027443e+01  validation: 1.426464e+01  
Epoch=    268,  lr= 1.000000e-03  train: 1.027443e+01  validation: 1.426464e+01  
Epoch=    269,  lr= 1.000000e-03  train: 1.027443e+01  validation: 1.426464e+01  
Epoch=    270,  lr= 1.000000e-03  train: 1.027443e+01  validation: 1.426464e+01  
Epoch=    271,  lr= 1.000000e-03  train: 1.027443e+01  validation: 1.426464e+01  
Epoch=    272,  lr= 1.000000e-03  train: 1.027443e+01  validation: 1.426464e+01  
Epoch=    273,  lr= 1.000000e-03  train: 1.027443e+01  validation: 1.426464e+01  
Epoch=    274,  lr= 1.000000e-03  train: 1.027443e+01  validation: 1.426464e+01  
Epoch=    275,  lr= 1.000000e-03  train: 1.027443e+01  validation: 1.426464e+01  
Epoch=    276,  lr= 1.000000e-03  train: 1.027443e+01  validation: 1.426464e+01  
Epoch=    277,  lr= 1.000000e-03  train: 1.027443e+01  validation: 1.426464e+01  
Epoch=    278,  lr= 1.000000e-03  train: 1.027443e+01  validation: 1.426464e+01  
Epoch=    279,  lr= 1.000000e-03  train: 1.027443e+01  validation: 1.426464e+01  
Epoch=    280,  lr= 1.000000e-03  train: 1.027443e+01  validation: 1.426464e+01  
Epoch=    281,  lr= 1.000000e-03  train: 1.027443e+01  validation: 1.426464e+01  
Epoch=    282,  lr= 1.000000e-03  train: 1.027443e+01  validation: 1.426464e+01  
Epoch=    283,  lr= 1.000000e-03  train: 1.027443e+01  validation: 1.426464e+01  
Epoch=    284,  lr= 1.000000e-03  train: 1.027443e+01  validation: 1.426464e+01  
Epoch=    285,  lr= 1.000000e-03  train: 1.027443e+01  validation: 1.426464e+01  
Epoch=    286,  lr= 1.000000e-03  train: 1.027443e+01  validation: 1.426464e+01  
Epoch=    287,  lr= 1.000000e-03  train: 1.027443e+01  validation: 1.426464e+01  
Epoch=    288,  lr= 1.000000e-03  train: 1.027443e+01  validation: 1.426464e+01  
Epoch=    289,  lr= 1.000000e-03  train: 1.027443e+01  validation: 1.426464e+01  
Epoch=    290,  lr= 1.000000e-03  train: 1.027443e+01  validation: 1.426464e+01  
Epoch=    291,  lr= 1.000000e-03  train: 1.027443e+01  validation: 1.426464e+01  
Epoch=    292,  lr= 1.000000e-03  train: 1.027443e+01  validation: 1.426464e+01  
Epoch=    293,  lr= 1.000000e-03  train: 1.027443e+01  validation: 1.426464e+01  
Epoch=    294,  lr= 1.000000e-03  train: 1.027443e+01  validation: 1.426464e+01  
Epoch=    295,  lr= 1.000000e-03  train: 1.027443e+01  validation: 1.426464e+01  
Epoch=    296,  lr= 1.000000e-03  train: 1.027443e+01  validation: 1.426464e+01  
Epoch=    297,  lr= 1.000000e-03  train: 1.027443e+01  validation: 1.426464e+01  
Epoch=    298,  lr= 1.000000e-03  train: 1.027443e+01  validation: 1.426464e+01  
Epoch=    299,  lr= 1.000000e-03  train: 1.027443e+01  validation: 1.426464e+01  
Epoch=    300,  lr= 1.000000e-03  train: 1.027443e+01  validation: 1.426464e+01  
Epoch=    301,  lr= 1.000000e-03  train: 1.027443e+01  validation: 1.426464e+01  
Epoch=    302,  lr= 1.000000e-03  train: 1.027443e+01  validation: 1.426464e+01  
Epoch=    303,  lr= 1.000000e-03  train: 1.027443e+01  validation: 1.426464e+01  
Epoch=    304,  lr= 1.000000e-03  train: 1.027443e+01  validation: 1.426464e+01  
Epoch=    305,  lr= 1.000000e-03  train: 1.027443e+01  validation: 1.426464e+01  
Epoch=    306,  lr= 1.000000e-03  train: 1.027443e+01  validation: 1.426464e+01  
Epoch=    307,  lr= 1.000000e-03  train: 1.027443e+01  validation: 1.426464e+01  
Epoch=    308,  lr= 1.000000e-03  train: 1.027443e+01  validation: 1.426464e+01  
Epoch=    309,  lr= 1.000000e-03  train: 1.027443e+01  validation: 1.426464e+01  
Epoch=    310,  lr= 1.000000e-03  train: 1.027443e+01  validation: 1.426464e+01  
Epoch=    311,  lr= 1.000000e-03  train: 1.027443e+01  validation: 1.426464e+01  
Epoch=    312,  lr= 1.000000e-03  train: 1.027443e+01  validation: 1.426464e+01  
Epoch=    313,  lr= 1.000000e-03  train: 1.027443e+01  validation: 1.426464e+01  
Epoch=    314,  lr= 1.000000e-03  train: 1.027443e+01  validation: 1.426464e+01  
Epoch=    315,  lr= 1.000000e-03  train: 1.027443e+01  validation: 1.426464e+01  
Epoch=    316,  lr= 1.000000e-03  train: 1.027443e+01  validation: 1.426464e+01  
Epoch=    317,  lr= 1.000000e-03  train: 1.027443e+01  validation: 1.426464e+01  
Epoch=    318,  lr= 1.000000e-03  train: 1.027443e+01  validation: 1.426464e+01  
Epoch=    319,  lr= 1.000000e-03  train: 1.027443e+01  validation: 1.426464e+01  
Epoch=    320,  lr= 1.000000e-03  train: 1.027443e+01  validation: 1.426464e+01  
Epoch=    321,  lr= 1.000000e-03  train: 1.027443e+01  validation: 1.426464e+01  
Epoch=    322,  lr= 1.000000e-03  train: 1.027443e+01  validation: 1.426464e+01  
Epoch=    323,  lr= 1.000000e-03  train: 1.027443e+01  validation: 1.426464e+01  
Epoch=    324,  lr= 1.000000e-03  train: 1.027443e+01  validation: 1.426464e+01  
Epoch=    325,  lr= 1.000000e-03  train: 1.027443e+01  validation: 1.426464e+01  
Epoch=    326,  lr= 1.000000e-03  train: 1.027443e+01  validation: 1.426464e+01  
Epoch=    327,  lr= 1.000000e-03  train: 1.027443e+01  validation: 1.426464e+01  
Epoch=    328,  lr= 1.000000e-03  train: 1.027443e+01  validation: 1.426464e+01  
Epoch=    329,  lr= 1.000000e-03  train: 1.027443e+01  validation: 1.426464e+01  
Epoch=    330,  lr= 1.000000e-03  train: 1.027443e+01  validation: 1.426464e+01  
Epoch=    331,  lr= 1.000000e-03  train: 1.027443e+01  validation: 1.426464e+01  
Epoch=    332,  lr= 1.000000e-03  train: 1.027443e+01  validation: 1.426464e+01  
Epoch=    333,  lr= 1.000000e-03  train: 1.027443e+01  validation: 1.426464e+01  
Epoch=    334,  lr= 1.000000e-03  train: 1.027443e+01  validation: 1.426464e+01  
Epoch=    335,  lr= 1.000000e-03  train: 1.027443e+01  validation: 1.426464e+01  
Epoch=    336,  lr= 1.000000e-03  train: 1.027443e+01  validation: 1.426464e+01  
Epoch=    337,  lr= 1.000000e-03  train: 1.027443e+01  validation: 1.426464e+01  
Epoch=    338,  lr= 1.000000e-03  train: 1.027443e+01  validation: 1.426464e+01  
Epoch=    339,  lr= 1.000000e-03  train: 1.027443e+01  validation: 1.426464e+01  
Epoch=    340,  lr= 5.000000e-04  train: 1.027443e+01  validation: 1.426464e+01  
Epoch=    341,  lr= 5.000000e-04  train: 1.027443e+01  validation: 1.426464e+01  
Epoch=    342,  lr= 5.000000e-04  train: 1.027443e+01  validation: 1.426464e+01  
Epoch=    343,  lr= 5.000000e-04  train: 1.027443e+01  validation: 1.426464e+01  
Epoch=    344,  lr= 5.000000e-04  train: 1.027443e+01  validation: 1.426464e+01  
Epoch=    345,  lr= 5.000000e-04  train: 1.027443e+01  validation: 1.426464e+01  
Epoch=    346,  lr= 5.000000e-04  train: 1.027443e+01  validation: 1.426464e+01  
Epoch=    347,  lr= 5.000000e-04  train: 1.027443e+01  validation: 1.426464e+01  
Epoch=    348,  lr= 5.000000e-04  train: 1.027443e+01  validation: 1.426464e+01  
Epoch=    349,  lr= 5.000000e-04  train: 1.027443e+01  validation: 1.426464e+01  
Epoch=    350,  lr= 5.000000e-04  train: 1.027443e+01  validation: 1.426464e+01  
Epoch=    351,  lr= 5.000000e-04  train: 1.027443e+01  validation: 1.426464e+01  
Epoch=    352,  lr= 5.000000e-04  train: 1.027443e+01  validation: 1.426464e+01  
Epoch=    353,  lr= 5.000000e-04  train: 1.027443e+01  validation: 1.426464e+01  
Epoch=    354,  lr= 5.000000e-04  train: 1.027443e+01  validation: 1.426464e+01  
Epoch=    355,  lr= 5.000000e-04  train: 1.027443e+01  validation: 1.426464e+01  
Epoch=    356,  lr= 5.000000e-04  train: 1.027443e+01  validation: 1.426464e+01  
Epoch=    357,  lr= 5.000000e-04  train: 1.027443e+01  validation: 1.426464e+01  
Epoch=    358,  lr= 5.000000e-04  train: 1.027443e+01  validation: 1.426464e+01  
Epoch=    359,  lr= 5.000000e-04  train: 1.027443e+01  validation: 1.426464e+01  
Epoch=    360,  lr= 5.000000e-04  train: 1.027443e+01  validation: 1.426464e+01  
Epoch=    361,  lr= 5.000000e-04  train: 1.027443e+01  validation: 1.426464e+01  
Epoch=    362,  lr= 5.000000e-04  train: 1.027443e+01  validation: 1.426464e+01  
Epoch=    363,  lr= 5.000000e-04  train: 1.027443e+01  validation: 1.426464e+01  
Epoch=    364,  lr= 5.000000e-04  train: 1.027443e+01  validation: 1.426464e+01  
Epoch=    365,  lr= 5.000000e-04  train: 1.027443e+01  validation: 1.426464e+01  
Epoch=    366,  lr= 5.000000e-04  train: 1.027443e+01  validation: 1.426464e+01  
Epoch=    367,  lr= 5.000000e-04  train: 1.027443e+01  validation: 1.426464e+01  
Epoch=    368,  lr= 5.000000e-04  train: 1.027443e+01  validation: 1.426464e+01  
Epoch=    369,  lr= 5.000000e-04  train: 1.027443e+01  validation: 1.426464e+01  
Epoch=    370,  lr= 5.000000e-04  train: 1.027443e+01  validation: 1.426464e+01  
Epoch=    371,  lr= 5.000000e-04  train: 1.027443e+01  validation: 1.426464e+01  
Epoch=    372,  lr= 5.000000e-04  train: 1.027443e+01  validation: 1.426464e+01  
Epoch=    373,  lr= 5.000000e-04  train: 1.027443e+01  validation: 1.426464e+01  
Epoch=    374,  lr= 5.000000e-04  train: 1.027443e+01  validation: 1.426464e+01  
Epoch=    375,  lr= 5.000000e-04  train: 1.027443e+01  validation: 1.426464e+01  
Epoch=    376,  lr= 5.000000e-04  train: 1.027443e+01  validation: 1.426464e+01  
Epoch=    377,  lr= 5.000000e-04  train: 1.027443e+01  validation: 1.426464e+01  
Epoch=    378,  lr= 5.000000e-04  train: 1.027443e+01  validation: 1.426464e+01  
Epoch=    379,  lr= 5.000000e-04  train: 1.027443e+01  validation: 1.426464e+01  
Epoch=    380,  lr= 5.000000e-04  train: 1.027443e+01  validation: 1.426464e+01  
Epoch=    381,  lr= 5.000000e-04  train: 1.027443e+01  validation: 1.426464e+01  
Epoch=    382,  lr= 5.000000e-04  train: 1.027443e+01  validation: 1.426464e+01  
Epoch=    383,  lr= 5.000000e-04  train: 1.027443e+01  validation: 1.426464e+01  
Epoch=    384,  lr= 5.000000e-04  train: 1.027443e+01  validation: 1.426464e+01  
Epoch=    385,  lr= 5.000000e-04  train: 1.027443e+01  validation: 1.426464e+01  
Epoch=    386,  lr= 5.000000e-04  train: 1.027443e+01  validation: 1.426464e+01  
Epoch=    387,  lr= 5.000000e-04  train: 1.027443e+01  validation: 1.426464e+01  
Epoch=    388,  lr= 5.000000e-04  train: 1.027443e+01  validation: 1.426464e+01  
Epoch=    389,  lr= 5.000000e-04  train: 1.027443e+01  validation: 1.426464e+01  
Epoch=    390,  lr= 5.000000e-04  train: 1.027443e+01  validation: 1.426464e+01  
Epoch=    391,  lr= 5.000000e-04  train: 1.027443e+01  validation: 1.426464e+01  
Epoch=    392,  lr= 5.000000e-04  train: 1.027443e+01  validation: 1.426464e+01  
Epoch=    393,  lr= 5.000000e-04  train: 1.027443e+01  validation: 1.426464e+01  
Epoch=    394,  lr= 5.000000e-04  train: 1.027443e+01  validation: 1.426464e+01  
Epoch=    395,  lr= 5.000000e-04  train: 1.027443e+01  validation: 1.426464e+01  
Epoch=    396,  lr= 5.000000e-04  train: 1.027443e+01  validation: 1.426464e+01  
Epoch=    397,  lr= 5.000000e-04  train: 1.027443e+01  validation: 1.426464e+01  
Epoch=    398,  lr= 5.000000e-04  train: 1.027443e+01  validation: 1.426464e+01  
Epoch=    399,  lr= 5.000000e-04  train: 1.027443e+01  validation: 1.426464e+01  
Epoch=    400,  lr= 5.000000e-04  train: 1.027443e+01  validation: 1.426464e+01  
Epoch=    401,  lr= 5.000000e-04  train: 1.027443e+01  validation: 1.426464e+01  
Epoch=    402,  lr= 5.000000e-04  train: 1.027443e+01  validation: 1.426464e+01  
Epoch=    403,  lr= 5.000000e-04  train: 1.027443e+01  validation: 1.426464e+01  
Epoch=    404,  lr= 5.000000e-04  train: 1.027443e+01  validation: 1.426464e+01  
Epoch=    405,  lr= 5.000000e-04  train: 1.027443e+01  validation: 1.426464e+01  
Epoch=    406,  lr= 5.000000e-04  train: 1.027443e+01  validation: 1.426464e+01  
Epoch=    407,  lr= 5.000000e-04  train: 1.027443e+01  validation: 1.426464e+01  
Epoch=    408,  lr= 5.000000e-04  train: 1.027443e+01  validation: 1.426464e+01  
Epoch=    409,  lr= 5.000000e-04  train: 1.027443e+01  validation: 1.426464e+01  
Epoch=    410,  lr= 5.000000e-04  train: 1.027443e+01  validation: 1.426464e+01  
Epoch=    411,  lr= 5.000000e-04  train: 1.027443e+01  validation: 1.426464e+01  
Epoch=    412,  lr= 5.000000e-04  train: 1.027443e+01  validation: 1.426464e+01  
Epoch=    413,  lr= 5.000000e-04  train: 1.027443e+01  validation: 1.426464e+01  
Epoch=    414,  lr= 5.000000e-04  train: 1.027443e+01  validation: 1.426464e+01  
Epoch=    415,  lr= 5.000000e-04  train: 1.027443e+01  validation: 1.426464e+01  
Epoch=    416,  lr= 5.000000e-04  train: 1.027443e+01  validation: 1.426464e+01  
Epoch=    417,  lr= 5.000000e-04  train: 1.027443e+01  validation: 1.426464e+01  
Epoch=    418,  lr= 5.000000e-04  train: 1.027443e+01  validation: 1.426464e+01  
Epoch=    419,  lr= 5.000000e-04  train: 1.027443e+01  validation: 1.426464e+01  
Epoch=    420,  lr= 5.000000e-04  train: 1.027443e+01  validation: 1.426464e+01  
Epoch=    421,  lr= 5.000000e-04  train: 1.027443e+01  validation: 1.426464e+01  
Epoch=    422,  lr= 5.000000e-04  train: 1.027443e+01  validation: 1.426464e+01  
Epoch=    423,  lr= 5.000000e-04  train: 1.027443e+01  validation: 1.426464e+01  
Epoch=    424,  lr= 5.000000e-04  train: 1.027443e+01  validation: 1.426464e+01  
Epoch=    425,  lr= 5.000000e-04  train: 1.027443e+01  validation: 1.426464e+01  
Epoch=    426,  lr= 5.000000e-04  train: 1.027443e+01  validation: 1.426464e+01  
Epoch=    427,  lr= 5.000000e-04  train: 1.027443e+01  validation: 1.426464e+01  
Epoch=    428,  lr= 5.000000e-04  train: 1.027443e+01  validation: 1.426464e+01  
Epoch=    429,  lr= 5.000000e-04  train: 1.027443e+01  validation: 1.426464e+01  
Epoch=    430,  lr= 5.000000e-04  train: 1.027443e+01  validation: 1.426464e+01  
Epoch=    431,  lr= 5.000000e-04  train: 1.027443e+01  validation: 1.426464e+01  
Epoch=    432,  lr= 5.000000e-04  train: 1.027443e+01  validation: 1.426464e+01  
Epoch=    433,  lr= 5.000000e-04  train: 1.027443e+01  validation: 1.426464e+01  
Epoch=    434,  lr= 5.000000e-04  train: 1.027443e+01  validation: 1.426464e+01  
Epoch=    435,  lr= 5.000000e-04  train: 1.027443e+01  validation: 1.426464e+01  
Epoch=    436,  lr= 5.000000e-04  train: 1.027443e+01  validation: 1.426464e+01  
Epoch=    437,  lr= 5.000000e-04  train: 1.027443e+01  validation: 1.426464e+01  
Epoch=    438,  lr= 5.000000e-04  train: 1.027443e+01  validation: 1.426464e+01  
Epoch=    439,  lr= 5.000000e-04  train: 1.027443e+01  validation: 1.426464e+01  
Epoch=    440,  lr= 5.000000e-04  train: 1.027443e+01  validation: 1.426464e+01  
Epoch=    441,  lr= 5.000000e-04  train: 1.027443e+01  validation: 1.426464e+01  
Epoch=    442,  lr= 2.500000e-04  train: 1.027443e+01  validation: 1.426464e+01  
Epoch=    443,  lr= 2.500000e-04  train: 1.027443e+01  validation: 1.426464e+01  
Epoch=    444,  lr= 2.500000e-04  train: 1.027443e+01  validation: 1.426464e+01  
Epoch=    445,  lr= 2.500000e-04  train: 1.027443e+01  validation: 1.426464e+01  
Epoch=    446,  lr= 2.500000e-04  train: 1.027443e+01  validation: 1.426464e+01  
Epoch=    447,  lr= 2.500000e-04  train: 1.027443e+01  validation: 1.426464e+01  
Epoch=    448,  lr= 2.500000e-04  train: 1.027443e+01  validation: 1.426464e+01  
Epoch=    449,  lr= 2.500000e-04  train: 1.027443e+01  validation: 1.426464e+01  
Epoch=    450,  lr= 2.500000e-04  train: 1.027443e+01  validation: 1.426464e+01  
Epoch=    451,  lr= 2.500000e-04  train: 1.027443e+01  validation: 1.426464e+01  
Epoch=    452,  lr= 2.500000e-04  train: 1.027443e+01  validation: 1.426464e+01  
Epoch=    453,  lr= 2.500000e-04  train: 1.027443e+01  validation: 1.426464e+01  
Epoch=    454,  lr= 2.500000e-04  train: 1.027443e+01  validation: 1.426464e+01  
Epoch=    455,  lr= 2.500000e-04  train: 1.027443e+01  validation: 1.426464e+01  
Epoch=    456,  lr= 2.500000e-04  train: 1.027443e+01  validation: 1.426464e+01  
Epoch=    457,  lr= 2.500000e-04  train: 1.027443e+01  validation: 1.426464e+01  
Epoch=    458,  lr= 2.500000e-04  train: 1.027443e+01  validation: 1.426464e+01  
Epoch=    459,  lr= 2.500000e-04  train: 1.027443e+01  validation: 1.426464e+01  
Epoch=    460,  lr= 2.500000e-04  train: 1.027443e+01  validation: 1.426464e+01  
Epoch=    461,  lr= 2.500000e-04  train: 1.027443e+01  validation: 1.426464e+01  
Epoch=    462,  lr= 2.500000e-04  train: 1.027443e+01  validation: 1.426464e+01  
Epoch=    463,  lr= 2.500000e-04  train: 1.027443e+01  validation: 1.426464e+01  
Epoch=    464,  lr= 2.500000e-04  train: 1.027443e+01  validation: 1.426464e+01  
Epoch=    465,  lr= 2.500000e-04  train: 1.027443e+01  validation: 1.426464e+01  
Epoch=    466,  lr= 2.500000e-04  train: 1.027443e+01  validation: 1.426464e+01  
Epoch=    467,  lr= 2.500000e-04  train: 1.027443e+01  validation: 1.426464e+01  
Epoch=    468,  lr= 2.500000e-04  train: 1.027443e+01  validation: 1.426464e+01  
Epoch=    469,  lr= 2.500000e-04  train: 1.027443e+01  validation: 1.426464e+01  
Epoch=    470,  lr= 2.500000e-04  train: 1.027443e+01  validation: 1.426464e+01  
Epoch=    471,  lr= 2.500000e-04  train: 1.027443e+01  validation: 1.426464e+01  
Epoch=    472,  lr= 2.500000e-04  train: 1.027443e+01  validation: 1.426464e+01  
Epoch=    473,  lr= 2.500000e-04  train: 1.027443e+01  validation: 1.426464e+01  
Epoch=    474,  lr= 2.500000e-04  train: 1.027443e+01  validation: 1.426464e+01  
Epoch=    475,  lr= 2.500000e-04  train: 1.027443e+01  validation: 1.426464e+01  
Epoch=    476,  lr= 2.500000e-04  train: 1.027443e+01  validation: 1.426464e+01  
Epoch=    477,  lr= 2.500000e-04  train: 1.027443e+01  validation: 1.426464e+01  
Epoch=    478,  lr= 2.500000e-04  train: 1.027443e+01  validation: 1.426464e+01  
Epoch=    479,  lr= 2.500000e-04  train: 1.027443e+01  validation: 1.426464e+01  
Epoch=    480,  lr= 2.500000e-04  train: 1.027443e+01  validation: 1.426464e+01  
Epoch=    481,  lr= 2.500000e-04  train: 1.027443e+01  validation: 1.426464e+01  
Epoch=    482,  lr= 2.500000e-04  train: 1.027443e+01  validation: 1.426464e+01  
Epoch=    483,  lr= 2.500000e-04  train: 1.027443e+01  validation: 1.426464e+01  
Epoch=    484,  lr= 2.500000e-04  train: 1.027443e+01  validation: 1.426464e+01  
Epoch=    485,  lr= 2.500000e-04  train: 1.027443e+01  validation: 1.426464e+01  
Epoch=    486,  lr= 2.500000e-04  train: 1.027443e+01  validation: 1.426464e+01  
Epoch=    487,  lr= 2.500000e-04  train: 1.027443e+01  validation: 1.426464e+01  
Epoch=    488,  lr= 2.500000e-04  train: 1.027443e+01  validation: 1.426464e+01  
Epoch=    489,  lr= 2.500000e-04  train: 1.027443e+01  validation: 1.426464e+01  
Epoch=    490,  lr= 2.500000e-04  train: 1.027443e+01  validation: 1.426464e+01  
Epoch=    491,  lr= 2.500000e-04  train: 1.027443e+01  validation: 1.426464e+01  
Epoch=    492,  lr= 2.500000e-04  train: 1.027443e+01  validation: 1.426464e+01  
Epoch=    493,  lr= 2.500000e-04  train: 1.027443e+01  validation: 1.426464e+01  
Epoch=    494,  lr= 2.500000e-04  train: 1.027443e+01  validation: 1.426464e+01  
Epoch=    495,  lr= 2.500000e-04  train: 1.027443e+01  validation: 1.426464e+01  
Epoch=    496,  lr= 2.500000e-04  train: 1.027443e+01  validation: 1.426464e+01  
Epoch=    497,  lr= 2.500000e-04  train: 1.027443e+01  validation: 1.426464e+01  
Epoch=    498,  lr= 2.500000e-04  train: 1.027443e+01  validation: 1.426464e+01  
Epoch=    499,  lr= 2.500000e-04  train: 1.027443e+01  validation: 1.426464e+01  
Epoch=    500,  lr= 2.500000e-04  train: 1.027443e+01  validation: 1.426464e+01  
Epoch=    501,  lr= 2.500000e-04  train: 1.027443e+01  validation: 1.426464e+01  
Epoch=    502,  lr= 2.500000e-04  train: 1.027443e+01  validation: 1.426464e+01  
Epoch=    503,  lr= 2.500000e-04  train: 1.027443e+01  validation: 1.426464e+01  
Epoch=    504,  lr= 2.500000e-04  train: 1.027443e+01  validation: 1.426464e+01  
Epoch=    505,  lr= 2.500000e-04  train: 1.027443e+01  validation: 1.426464e+01  
Epoch=    506,  lr= 2.500000e-04  train: 1.027443e+01  validation: 1.426464e+01  
Epoch=    507,  lr= 2.500000e-04  train: 1.027443e+01  validation: 1.426464e+01  
Epoch=    508,  lr= 2.500000e-04  train: 1.027443e+01  validation: 1.426464e+01  
Epoch=    509,  lr= 2.500000e-04  train: 1.027443e+01  validation: 1.426464e+01  
Epoch=    510,  lr= 2.500000e-04  train: 1.027443e+01  validation: 1.426464e+01  
Epoch=    511,  lr= 2.500000e-04  train: 1.027443e+01  validation: 1.426464e+01  
Epoch=    512,  lr= 2.500000e-04  train: 1.027443e+01  validation: 1.426464e+01  
Epoch=    513,  lr= 2.500000e-04  train: 1.027443e+01  validation: 1.426464e+01  
Epoch=    514,  lr= 2.500000e-04  train: 1.027443e+01  validation: 1.426464e+01  
Epoch=    515,  lr= 2.500000e-04  train: 1.027443e+01  validation: 1.426464e+01  
Epoch=    516,  lr= 2.500000e-04  train: 1.027443e+01  validation: 1.426464e+01  
Epoch=    517,  lr= 2.500000e-04  train: 1.027443e+01  validation: 1.426464e+01  
Epoch=    518,  lr= 2.500000e-04  train: 1.027443e+01  validation: 1.426464e+01  
Epoch=    519,  lr= 2.500000e-04  train: 1.027443e+01  validation: 1.426464e+01  
Epoch=    520,  lr= 2.500000e-04  train: 1.027443e+01  validation: 1.426464e+01  
Epoch=    521,  lr= 2.500000e-04  train: 1.027443e+01  validation: 1.426464e+01  
Epoch=    522,  lr= 2.500000e-04  train: 1.027443e+01  validation: 1.426464e+01  
Epoch=    523,  lr= 2.500000e-04  train: 1.027443e+01  validation: 1.426464e+01  
Epoch=    524,  lr= 2.500000e-04  train: 1.027443e+01  validation: 1.426464e+01  
Epoch=    525,  lr= 2.500000e-04  train: 1.027443e+01  validation: 1.426464e+01  
Epoch=    526,  lr= 2.500000e-04  train: 1.027443e+01  validation: 1.426464e+01  
Epoch=    527,  lr= 2.500000e-04  train: 1.027443e+01  validation: 1.426464e+01  
Epoch=    528,  lr= 2.500000e-04  train: 1.027443e+01  validation: 1.426464e+01  
Epoch=    529,  lr= 2.500000e-04  train: 1.027443e+01  validation: 1.426464e+01  
Epoch=    530,  lr= 2.500000e-04  train: 1.027443e+01  validation: 1.426464e+01  
Epoch=    531,  lr= 2.500000e-04  train: 1.027443e+01  validation: 1.426464e+01  
Epoch=    532,  lr= 2.500000e-04  train: 1.027443e+01  validation: 1.426464e+01  
Epoch=    533,  lr= 2.500000e-04  train: 1.027443e+01  validation: 1.426464e+01  
Epoch=    534,  lr= 2.500000e-04  train: 1.027443e+01  validation: 1.426464e+01  
Epoch=    535,  lr= 2.500000e-04  train: 1.027443e+01  validation: 1.426464e+01  
Epoch=    536,  lr= 2.500000e-04  train: 1.027443e+01  validation: 1.426464e+01  
Epoch=    537,  lr= 2.500000e-04  train: 1.027443e+01  validation: 1.426464e+01  
Epoch=    538,  lr= 2.500000e-04  train: 1.027443e+01  validation: 1.426464e+01  
Epoch=    539,  lr= 2.500000e-04  train: 1.027443e+01  validation: 1.426464e+01  
Epoch=    540,  lr= 2.500000e-04  train: 1.027443e+01  validation: 1.426464e+01  
Epoch=    541,  lr= 2.500000e-04  train: 1.027443e+01  validation: 1.426464e+01  
Epoch=    542,  lr= 2.500000e-04  train: 1.027443e+01  validation: 1.426464e+01  
Epoch=    543,  lr= 2.500000e-04  train: 1.027443e+01  validation: 1.426464e+01  
Epoch=    544,  lr= 1.250000e-04  train: 1.027443e+01  validation: 1.426464e+01  
Epoch=    545,  lr= 1.250000e-04  train: 1.027443e+01  validation: 1.426464e+01  
Epoch=    546,  lr= 1.250000e-04  train: 1.027443e+01  validation: 1.426464e+01  
Epoch=    547,  lr= 1.250000e-04  train: 1.027443e+01  validation: 1.426464e+01  
Epoch=    548,  lr= 1.250000e-04  train: 1.027443e+01  validation: 1.426464e+01  
Epoch=    549,  lr= 1.250000e-04  train: 1.027443e+01  validation: 1.426464e+01  
Epoch=    550,  lr= 1.250000e-04  train: 1.027443e+01  validation: 1.426464e+01  
Epoch=    551,  lr= 1.250000e-04  train: 1.027443e+01  validation: 1.426464e+01  
Epoch=    552,  lr= 1.250000e-04  train: 1.027443e+01  validation: 1.426464e+01  
Epoch=    553,  lr= 1.250000e-04  train: 1.027443e+01  validation: 1.426464e+01  
Epoch=    554,  lr= 1.250000e-04  train: 1.027443e+01  validation: 1.426464e+01  
Epoch=    555,  lr= 1.250000e-04  train: 1.027443e+01  validation: 1.426464e+01  
Epoch=    556,  lr= 1.250000e-04  train: 1.027443e+01  validation: 1.426464e+01  
Epoch=    557,  lr= 1.250000e-04  train: 1.027443e+01  validation: 1.426464e+01  
Epoch=    558,  lr= 1.250000e-04  train: 1.027443e+01  validation: 1.426464e+01  
Epoch=    559,  lr= 1.250000e-04  train: 1.027443e+01  validation: 1.426464e+01  
Epoch=    560,  lr= 1.250000e-04  train: 1.027443e+01  validation: 1.426464e+01  
Epoch=    561,  lr= 1.250000e-04  train: 1.027443e+01  validation: 1.426464e+01  
Epoch=    562,  lr= 1.250000e-04  train: 1.027443e+01  validation: 1.426464e+01  
Epoch=    563,  lr= 1.250000e-04  train: 1.027443e+01  validation: 1.426464e+01  
Epoch=    564,  lr= 1.250000e-04  train: 1.027443e+01  validation: 1.426464e+01  
Epoch=    565,  lr= 1.250000e-04  train: 1.027443e+01  validation: 1.426464e+01  
Epoch=    566,  lr= 1.250000e-04  train: 1.027443e+01  validation: 1.426464e+01  
Epoch=    567,  lr= 1.250000e-04  train: 1.027443e+01  validation: 1.426464e+01  
Epoch=    568,  lr= 1.250000e-04  train: 1.027443e+01  validation: 1.426464e+01  
Epoch=    569,  lr= 1.250000e-04  train: 1.027443e+01  validation: 1.426464e+01  
Epoch=    570,  lr= 1.250000e-04  train: 1.027443e+01  validation: 1.426464e+01  
Epoch=    571,  lr= 1.250000e-04  train: 1.027443e+01  validation: 1.426464e+01  
Epoch=    572,  lr= 1.250000e-04  train: 1.027443e+01  validation: 1.426464e+01  
Epoch=    573,  lr= 1.250000e-04  train: 1.027443e+01  validation: 1.426464e+01  
Epoch=    574,  lr= 1.250000e-04  train: 1.027443e+01  validation: 1.426464e+01  
Epoch=    575,  lr= 1.250000e-04  train: 1.027443e+01  validation: 1.426464e+01  
Epoch=    576,  lr= 1.250000e-04  train: 1.027443e+01  validation: 1.426464e+01  
Epoch=    577,  lr= 1.250000e-04  train: 1.027443e+01  validation: 1.426464e+01  
Epoch=    578,  lr= 1.250000e-04  train: 1.027443e+01  validation: 1.426464e+01  
Epoch=    579,  lr= 1.250000e-04  train: 1.027443e+01  validation: 1.426464e+01  
Epoch=    580,  lr= 1.250000e-04  train: 1.027443e+01  validation: 1.426464e+01  
Epoch=    581,  lr= 1.250000e-04  train: 1.027443e+01  validation: 1.426464e+01  
Epoch=    582,  lr= 1.250000e-04  train: 1.027443e+01  validation: 1.426464e+01  
Epoch=    583,  lr= 1.250000e-04  train: 1.027443e+01  validation: 1.426464e+01  
Epoch=    584,  lr= 1.250000e-04  train: 1.027443e+01  validation: 1.426464e+01  
Epoch=    585,  lr= 1.250000e-04  train: 1.027443e+01  validation: 1.426464e+01  
Epoch=    586,  lr= 1.250000e-04  train: 1.027443e+01  validation: 1.426464e+01  
Epoch=    587,  lr= 1.250000e-04  train: 1.027443e+01  validation: 1.426464e+01  
Epoch=    588,  lr= 1.250000e-04  train: 1.027443e+01  validation: 1.426464e+01  
Epoch=    589,  lr= 1.250000e-04  train: 1.027443e+01  validation: 1.426464e+01  
Epoch=    590,  lr= 1.250000e-04  train: 1.027443e+01  validation: 1.426464e+01  
Epoch=    591,  lr= 1.250000e-04  train: 1.027443e+01  validation: 1.426464e+01  
Epoch=    592,  lr= 1.250000e-04  train: 1.027443e+01  validation: 1.426464e+01  
Epoch=    593,  lr= 1.250000e-04  train: 1.027443e+01  validation: 1.426464e+01  
Epoch=    594,  lr= 1.250000e-04  train: 1.027443e+01  validation: 1.426464e+01  
Epoch=    595,  lr= 1.250000e-04  train: 1.027443e+01  validation: 1.426464e+01  
Epoch=    596,  lr= 1.250000e-04  train: 1.027443e+01  validation: 1.426464e+01  
Epoch=    597,  lr= 1.250000e-04  train: 1.027443e+01  validation: 1.426464e+01  
Epoch=    598,  lr= 1.250000e-04  train: 1.027443e+01  validation: 1.426464e+01  
Epoch=    599,  lr= 1.250000e-04  train: 1.027443e+01  validation: 1.426464e+01  
Epoch=    600,  lr= 1.250000e-04  train: 1.027443e+01  validation: 1.426464e+01  
Epoch=    601,  lr= 1.250000e-04  train: 1.027443e+01  validation: 1.426464e+01  
Epoch=    602,  lr= 1.250000e-04  train: 1.027443e+01  validation: 1.426464e+01  
Epoch=    603,  lr= 1.250000e-04  train: 1.027443e+01  validation: 1.426464e+01  
Epoch=    604,  lr= 1.250000e-04  train: 1.027443e+01  validation: 1.426464e+01  
Epoch=    605,  lr= 1.250000e-04  train: 1.027443e+01  validation: 1.426464e+01  
Epoch=    606,  lr= 1.250000e-04  train: 1.027443e+01  validation: 1.426464e+01  
Epoch=    607,  lr= 1.250000e-04  train: 1.027443e+01  validation: 1.426464e+01  
Epoch=    608,  lr= 1.250000e-04  train: 1.027443e+01  validation: 1.426464e+01  
Epoch=    609,  lr= 1.250000e-04  train: 1.027443e+01  validation: 1.426464e+01  
Epoch=    610,  lr= 1.250000e-04  train: 1.027443e+01  validation: 1.426464e+01  
Epoch=    611,  lr= 1.250000e-04  train: 1.027443e+01  validation: 1.426464e+01  
Epoch=    612,  lr= 1.250000e-04  train: 1.027443e+01  validation: 1.426464e+01  
Epoch=    613,  lr= 1.250000e-04  train: 1.027443e+01  validation: 1.426464e+01  
Epoch=    614,  lr= 1.250000e-04  train: 1.027443e+01  validation: 1.426464e+01  
Epoch=    615,  lr= 1.250000e-04  train: 1.027443e+01  validation: 1.426464e+01  
Epoch=    616,  lr= 1.250000e-04  train: 1.027443e+01  validation: 1.426464e+01  
Epoch=    617,  lr= 1.250000e-04  train: 1.027443e+01  validation: 1.426464e+01  
Epoch=    618,  lr= 1.250000e-04  train: 1.027443e+01  validation: 1.426464e+01  
Epoch=    619,  lr= 1.250000e-04  train: 1.027443e+01  validation: 1.426464e+01  
Epoch=    620,  lr= 1.250000e-04  train: 1.027443e+01  validation: 1.426464e+01  
Epoch=    621,  lr= 1.250000e-04  train: 1.027443e+01  validation: 1.426464e+01  
Epoch=    622,  lr= 1.250000e-04  train: 1.027443e+01  validation: 1.426464e+01  
Epoch=    623,  lr= 1.250000e-04  train: 1.027443e+01  validation: 1.426464e+01  
Epoch=    624,  lr= 1.250000e-04  train: 1.027443e+01  validation: 1.426464e+01  
Epoch=    625,  lr= 1.250000e-04  train: 1.027443e+01  validation: 1.426464e+01  
Epoch=    626,  lr= 1.250000e-04  train: 1.027443e+01  validation: 1.426464e+01  
Epoch=    627,  lr= 1.250000e-04  train: 1.027443e+01  validation: 1.426464e+01  
Epoch=    628,  lr= 1.250000e-04  train: 1.027443e+01  validation: 1.426464e+01  
Epoch=    629,  lr= 1.250000e-04  train: 1.027443e+01  validation: 1.426464e+01  
Epoch=    630,  lr= 1.250000e-04  train: 1.027443e+01  validation: 1.426464e+01  
Epoch=    631,  lr= 1.250000e-04  train: 1.027443e+01  validation: 1.426464e+01  
Epoch=    632,  lr= 1.250000e-04  train: 1.027443e+01  validation: 1.426464e+01  
Epoch=    633,  lr= 1.250000e-04  train: 1.027443e+01  validation: 1.426464e+01  
Epoch=    634,  lr= 1.250000e-04  train: 1.027443e+01  validation: 1.426464e+01  
Epoch=    635,  lr= 1.250000e-04  train: 1.027443e+01  validation: 1.426464e+01  
Epoch=    636,  lr= 1.250000e-04  train: 1.027443e+01  validation: 1.426464e+01  
Epoch=    637,  lr= 1.250000e-04  train: 1.027443e+01  validation: 1.426464e+01  
Epoch=    638,  lr= 1.250000e-04  train: 1.027443e+01  validation: 1.426464e+01  
Epoch=    639,  lr= 1.250000e-04  train: 1.027443e+01  validation: 1.426464e+01  
Epoch=    640,  lr= 1.250000e-04  train: 1.027443e+01  validation: 1.426464e+01  
Epoch=    641,  lr= 1.250000e-04  train: 1.027443e+01  validation: 1.426464e+01  
Epoch=    642,  lr= 1.250000e-04  train: 1.027443e+01  validation: 1.426464e+01  
Epoch=    643,  lr= 1.250000e-04  train: 1.027443e+01  validation: 1.426464e+01  
Epoch=    644,  lr= 1.250000e-04  train: 1.027443e+01  validation: 1.426464e+01  
Epoch=    645,  lr= 1.250000e-04  train: 1.027443e+01  validation: 1.426464e+01  
Epoch=    646,  lr= 6.250000e-05  train: 1.027443e+01  validation: 1.426464e+01  
Epoch=    647,  lr= 6.250000e-05  train: 1.027443e+01  validation: 1.426464e+01  
Epoch=    648,  lr= 6.250000e-05  train: 1.027443e+01  validation: 1.426464e+01  
Epoch=    649,  lr= 6.250000e-05  train: 1.027443e+01  validation: 1.426464e+01  
Epoch=    650,  lr= 6.250000e-05  train: 1.027443e+01  validation: 1.426464e+01  
Epoch=    651,  lr= 6.250000e-05  train: 1.027443e+01  validation: 1.426464e+01  
Epoch=    652,  lr= 6.250000e-05  train: 1.027443e+01  validation: 1.426464e+01  
Epoch=    653,  lr= 6.250000e-05  train: 1.027443e+01  validation: 1.426464e+01  
Epoch=    654,  lr= 6.250000e-05  train: 1.027443e+01  validation: 1.426464e+01  
Epoch=    655,  lr= 6.250000e-05  train: 1.027443e+01  validation: 1.426464e+01  
Epoch=    656,  lr= 6.250000e-05  train: 1.027443e+01  validation: 1.426464e+01  
Epoch=    657,  lr= 6.250000e-05  train: 1.027443e+01  validation: 1.426464e+01  
Epoch=    658,  lr= 6.250000e-05  train: 1.027443e+01  validation: 1.426464e+01  
Epoch=    659,  lr= 6.250000e-05  train: 1.027443e+01  validation: 1.426464e+01  
Epoch=    660,  lr= 6.250000e-05  train: 1.027443e+01  validation: 1.426464e+01  
Epoch=    661,  lr= 6.250000e-05  train: 1.027443e+01  validation: 1.426464e+01  
Epoch=    662,  lr= 6.250000e-05  train: 1.027443e+01  validation: 1.426464e+01  
Epoch=    663,  lr= 6.250000e-05  train: 1.027443e+01  validation: 1.426464e+01  
Epoch=    664,  lr= 6.250000e-05  train: 1.027443e+01  validation: 1.426464e+01  
Epoch=    665,  lr= 6.250000e-05  train: 1.027443e+01  validation: 1.426464e+01  
Epoch=    666,  lr= 6.250000e-05  train: 1.027443e+01  validation: 1.426464e+01  
Epoch=    667,  lr= 6.250000e-05  train: 1.027443e+01  validation: 1.426464e+01  
Epoch=    668,  lr= 6.250000e-05  train: 1.027443e+01  validation: 1.426464e+01  
Epoch=    669,  lr= 6.250000e-05  train: 1.027443e+01  validation: 1.426464e+01  
Epoch=    670,  lr= 6.250000e-05  train: 1.027443e+01  validation: 1.426464e+01  
Epoch=    671,  lr= 6.250000e-05  train: 1.027443e+01  validation: 1.426464e+01  
Epoch=    672,  lr= 6.250000e-05  train: 1.027443e+01  validation: 1.426464e+01  
Epoch=    673,  lr= 6.250000e-05  train: 1.027443e+01  validation: 1.426464e+01  
Epoch=    674,  lr= 6.250000e-05  train: 1.027443e+01  validation: 1.426464e+01  
Epoch=    675,  lr= 6.250000e-05  train: 1.027443e+01  validation: 1.426464e+01  
Epoch=    676,  lr= 6.250000e-05  train: 1.027443e+01  validation: 1.426464e+01  
Epoch=    677,  lr= 6.250000e-05  train: 1.027443e+01  validation: 1.426464e+01  
Epoch=    678,  lr= 6.250000e-05  train: 1.027443e+01  validation: 1.426464e+01  
Epoch=    679,  lr= 6.250000e-05  train: 1.027443e+01  validation: 1.426464e+01  
Epoch=    680,  lr= 6.250000e-05  train: 1.027443e+01  validation: 1.426464e+01  
Epoch=    681,  lr= 6.250000e-05  train: 1.027443e+01  validation: 1.426464e+01  
Epoch=    682,  lr= 6.250000e-05  train: 1.027443e+01  validation: 1.426464e+01  
Epoch=    683,  lr= 6.250000e-05  train: 1.027443e+01  validation: 1.426464e+01  
Epoch=    684,  lr= 6.250000e-05  train: 1.027443e+01  validation: 1.426464e+01  
Epoch=    685,  lr= 6.250000e-05  train: 1.027443e+01  validation: 1.426464e+01  
Epoch=    686,  lr= 6.250000e-05  train: 1.027443e+01  validation: 1.426464e+01  
Epoch=    687,  lr= 6.250000e-05  train: 1.027443e+01  validation: 1.426464e+01  
Epoch=    688,  lr= 6.250000e-05  train: 1.027443e+01  validation: 1.426464e+01  
Epoch=    689,  lr= 6.250000e-05  train: 1.027443e+01  validation: 1.426464e+01  
Epoch=    690,  lr= 6.250000e-05  train: 1.027443e+01  validation: 1.426464e+01  
Epoch=    691,  lr= 6.250000e-05  train: 1.027443e+01  validation: 1.426464e+01  
Epoch=    692,  lr= 6.250000e-05  train: 1.027443e+01  validation: 1.426464e+01  
Epoch=    693,  lr= 6.250000e-05  train: 1.027443e+01  validation: 1.426464e+01  
Epoch=    694,  lr= 6.250000e-05  train: 1.027443e+01  validation: 1.426464e+01  
Epoch=    695,  lr= 6.250000e-05  train: 1.027443e+01  validation: 1.426464e+01  
Epoch=    696,  lr= 6.250000e-05  train: 1.027443e+01  validation: 1.426464e+01  
Epoch=    697,  lr= 6.250000e-05  train: 1.027443e+01  validation: 1.426464e+01  
Epoch=    698,  lr= 6.250000e-05  train: 1.027443e+01  validation: 1.426464e+01  
Epoch=    699,  lr= 6.250000e-05  train: 1.027443e+01  validation: 1.426464e+01  
Epoch=    700,  lr= 6.250000e-05  train: 1.027443e+01  validation: 1.426464e+01  
Epoch=    701,  lr= 6.250000e-05  train: 1.027443e+01  validation: 1.426464e+01  
Epoch=    702,  lr= 6.250000e-05  train: 1.027443e+01  validation: 1.426464e+01  
Epoch=    703,  lr= 6.250000e-05  train: 1.027443e+01  validation: 1.426464e+01  
Epoch=    704,  lr= 6.250000e-05  train: 1.027443e+01  validation: 1.426464e+01  
Epoch=    705,  lr= 6.250000e-05  train: 1.027443e+01  validation: 1.426464e+01  
Epoch=    706,  lr= 6.250000e-05  train: 1.027443e+01  validation: 1.426464e+01  
Epoch=    707,  lr= 6.250000e-05  train: 1.027443e+01  validation: 1.426464e+01  
Epoch=    708,  lr= 6.250000e-05  train: 1.027443e+01  validation: 1.426464e+01  
Epoch=    709,  lr= 6.250000e-05  train: 1.027443e+01  validation: 1.426464e+01  
Epoch=    710,  lr= 6.250000e-05  train: 1.027443e+01  validation: 1.426464e+01  
Epoch=    711,  lr= 6.250000e-05  train: 1.027443e+01  validation: 1.426464e+01  
Epoch=    712,  lr= 6.250000e-05  train: 1.027443e+01  validation: 1.426464e+01  
Epoch=    713,  lr= 6.250000e-05  train: 1.027443e+01  validation: 1.426464e+01  
Epoch=    714,  lr= 6.250000e-05  train: 1.027443e+01  validation: 1.426464e+01  
Epoch=    715,  lr= 6.250000e-05  train: 1.027443e+01  validation: 1.426464e+01  
Epoch=    716,  lr= 6.250000e-05  train: 1.027443e+01  validation: 1.426464e+01  
Epoch=    717,  lr= 6.250000e-05  train: 1.027443e+01  validation: 1.426464e+01  
Epoch=    718,  lr= 6.250000e-05  train: 1.027443e+01  validation: 1.426464e+01  
Epoch=    719,  lr= 6.250000e-05  train: 1.027443e+01  validation: 1.426464e+01  
Epoch=    720,  lr= 6.250000e-05  train: 1.027443e+01  validation: 1.426464e+01  
Epoch=    721,  lr= 6.250000e-05  train: 1.027443e+01  validation: 1.426464e+01  
Epoch=    722,  lr= 6.250000e-05  train: 1.027443e+01  validation: 1.426464e+01  
Epoch=    723,  lr= 6.250000e-05  train: 1.027443e+01  validation: 1.426464e+01  
Epoch=    724,  lr= 6.250000e-05  train: 1.027443e+01  validation: 1.426464e+01  
Epoch=    725,  lr= 6.250000e-05  train: 1.027443e+01  validation: 1.426464e+01  
Epoch=    726,  lr= 6.250000e-05  train: 1.027443e+01  validation: 1.426464e+01  
Epoch=    727,  lr= 6.250000e-05  train: 1.027443e+01  validation: 1.426464e+01  
Epoch=    728,  lr= 6.250000e-05  train: 1.027443e+01  validation: 1.426464e+01  
Epoch=    729,  lr= 6.250000e-05  train: 1.027443e+01  validation: 1.426464e+01  
Epoch=    730,  lr= 6.250000e-05  train: 1.027443e+01  validation: 1.426464e+01  
Epoch=    731,  lr= 6.250000e-05  train: 1.027443e+01  validation: 1.426464e+01  
Epoch=    732,  lr= 6.250000e-05  train: 1.027443e+01  validation: 1.426464e+01  
Epoch=    733,  lr= 6.250000e-05  train: 1.027443e+01  validation: 1.426464e+01  
Epoch=    734,  lr= 6.250000e-05  train: 1.027443e+01  validation: 1.426464e+01  
Epoch=    735,  lr= 6.250000e-05  train: 1.027443e+01  validation: 1.426464e+01  
Epoch=    736,  lr= 6.250000e-05  train: 1.027443e+01  validation: 1.426464e+01  
Epoch=    737,  lr= 6.250000e-05  train: 1.027443e+01  validation: 1.426464e+01  
Epoch=    738,  lr= 6.250000e-05  train: 1.027443e+01  validation: 1.426464e+01  
Epoch=    739,  lr= 6.250000e-05  train: 1.027443e+01  validation: 1.426464e+01  
Epoch=    740,  lr= 6.250000e-05  train: 1.027443e+01  validation: 1.426464e+01  
Epoch=    741,  lr= 6.250000e-05  train: 1.027443e+01  validation: 1.426464e+01  
Epoch=    742,  lr= 6.250000e-05  train: 1.027443e+01  validation: 1.426464e+01  
Epoch=    743,  lr= 6.250000e-05  train: 1.027443e+01  validation: 1.426464e+01  
Epoch=    744,  lr= 6.250000e-05  train: 1.027443e+01  validation: 1.426464e+01  
Epoch=    745,  lr= 6.250000e-05  train: 1.027443e+01  validation: 1.426464e+01  
Epoch=    746,  lr= 6.250000e-05  train: 1.027443e+01  validation: 1.426464e+01  
Epoch=    747,  lr= 6.250000e-05  train: 1.027443e+01  validation: 1.426464e+01  
Epoch=    748,  lr= 3.125000e-05  train: 1.027443e+01  validation: 1.426464e+01  
Epoch=    749,  lr= 3.125000e-05  train: 1.027443e+01  validation: 1.426464e+01  
Epoch=    750,  lr= 3.125000e-05  train: 1.027443e+01  validation: 1.426464e+01  
Epoch=    751,  lr= 3.125000e-05  train: 1.027443e+01  validation: 1.426464e+01  
Epoch=    752,  lr= 3.125000e-05  train: 1.027443e+01  validation: 1.426464e+01  
Epoch=    753,  lr= 3.125000e-05  train: 1.027443e+01  validation: 1.426464e+01  
Epoch=    754,  lr= 3.125000e-05  train: 1.027443e+01  validation: 1.426464e+01  
Epoch=    755,  lr= 3.125000e-05  train: 1.027443e+01  validation: 1.426464e+01  
Epoch=    756,  lr= 3.125000e-05  train: 1.027443e+01  validation: 1.426464e+01  
Epoch=    757,  lr= 3.125000e-05  train: 1.027443e+01  validation: 1.426464e+01  
Epoch=    758,  lr= 3.125000e-05  train: 1.027443e+01  validation: 1.426464e+01  
Epoch=    759,  lr= 3.125000e-05  train: 1.027443e+01  validation: 1.426464e+01  
Epoch=    760,  lr= 3.125000e-05  train: 1.027443e+01  validation: 1.426464e+01  
Epoch=    761,  lr= 3.125000e-05  train: 1.027443e+01  validation: 1.426464e+01  
Epoch=    762,  lr= 3.125000e-05  train: 1.027443e+01  validation: 1.426464e+01  
Epoch=    763,  lr= 3.125000e-05  train: 1.027443e+01  validation: 1.426464e+01  
Epoch=    764,  lr= 3.125000e-05  train: 1.027443e+01  validation: 1.426464e+01  
Epoch=    765,  lr= 3.125000e-05  train: 1.027443e+01  validation: 1.426464e+01  
Epoch=    766,  lr= 3.125000e-05  train: 1.027443e+01  validation: 1.426464e+01  
Epoch=    767,  lr= 3.125000e-05  train: 1.027443e+01  validation: 1.426464e+01  
Epoch=    768,  lr= 3.125000e-05  train: 1.027443e+01  validation: 1.426464e+01  
Epoch=    769,  lr= 3.125000e-05  train: 1.027443e+01  validation: 1.426464e+01  
Epoch=    770,  lr= 3.125000e-05  train: 1.027443e+01  validation: 1.426464e+01  
Epoch=    771,  lr= 3.125000e-05  train: 1.027443e+01  validation: 1.426464e+01  
Epoch=    772,  lr= 3.125000e-05  train: 1.027443e+01  validation: 1.426464e+01  
Epoch=    773,  lr= 3.125000e-05  train: 1.027443e+01  validation: 1.426464e+01  
Epoch=    774,  lr= 3.125000e-05  train: 1.027443e+01  validation: 1.426464e+01  
Epoch=    775,  lr= 3.125000e-05  train: 1.027443e+01  validation: 1.426464e+01  
Epoch=    776,  lr= 3.125000e-05  train: 1.027443e+01  validation: 1.426464e+01  
Epoch=    777,  lr= 3.125000e-05  train: 1.027443e+01  validation: 1.426464e+01  
Epoch=    778,  lr= 3.125000e-05  train: 1.027443e+01  validation: 1.426464e+01  
Epoch=    779,  lr= 3.125000e-05  train: 1.027443e+01  validation: 1.426464e+01  
Epoch=    780,  lr= 3.125000e-05  train: 1.027443e+01  validation: 1.426464e+01  
Epoch=    781,  lr= 3.125000e-05  train: 1.027443e+01  validation: 1.426464e+01  
Epoch=    782,  lr= 3.125000e-05  train: 1.027443e+01  validation: 1.426464e+01  
Epoch=    783,  lr= 3.125000e-05  train: 1.027443e+01  validation: 1.426464e+01  
Epoch=    784,  lr= 3.125000e-05  train: 1.027443e+01  validation: 1.426464e+01  
Epoch=    785,  lr= 3.125000e-05  train: 1.027443e+01  validation: 1.426464e+01  
Epoch=    786,  lr= 3.125000e-05  train: 1.027443e+01  validation: 1.426464e+01  
Epoch=    787,  lr= 3.125000e-05  train: 1.027443e+01  validation: 1.426464e+01  
Epoch=    788,  lr= 3.125000e-05  train: 1.027443e+01  validation: 1.426464e+01  
Epoch=    789,  lr= 3.125000e-05  train: 1.027443e+01  validation: 1.426464e+01  
Epoch=    790,  lr= 3.125000e-05  train: 1.027443e+01  validation: 1.426464e+01  
Epoch=    791,  lr= 3.125000e-05  train: 1.027443e+01  validation: 1.426464e+01  
Epoch=    792,  lr= 3.125000e-05  train: 1.027443e+01  validation: 1.426464e+01  
Epoch=    793,  lr= 3.125000e-05  train: 1.027443e+01  validation: 1.426464e+01  
Epoch=    794,  lr= 3.125000e-05  train: 1.027443e+01  validation: 1.426464e+01  
Epoch=    795,  lr= 3.125000e-05  train: 1.027443e+01  validation: 1.426464e+01  
Epoch=    796,  lr= 3.125000e-05  train: 1.027443e+01  validation: 1.426464e+01  
Epoch=    797,  lr= 3.125000e-05  train: 1.027443e+01  validation: 1.426464e+01  
Epoch=    798,  lr= 3.125000e-05  train: 1.027443e+01  validation: 1.426464e+01  
Epoch=    799,  lr= 3.125000e-05  train: 1.027443e+01  validation: 1.426464e+01  
Epoch=    800,  lr= 3.125000e-05  train: 1.027443e+01  validation: 1.426464e+01  
Epoch=    801,  lr= 3.125000e-05  train: 1.027443e+01  validation: 1.426464e+01  
Epoch=    802,  lr= 3.125000e-05  train: 1.027443e+01  validation: 1.426464e+01  
Epoch=    803,  lr= 3.125000e-05  train: 1.027443e+01  validation: 1.426464e+01  
Epoch=    804,  lr= 3.125000e-05  train: 1.027443e+01  validation: 1.426464e+01  
Epoch=    805,  lr= 3.125000e-05  train: 1.027443e+01  validation: 1.426464e+01  
Epoch=    806,  lr= 3.125000e-05  train: 1.027443e+01  validation: 1.426464e+01  
Epoch=    807,  lr= 3.125000e-05  train: 1.027443e+01  validation: 1.426464e+01  
Epoch=    808,  lr= 3.125000e-05  train: 1.027443e+01  validation: 1.426464e+01  
Epoch=    809,  lr= 3.125000e-05  train: 1.027443e+01  validation: 1.426464e+01  
Epoch=    810,  lr= 3.125000e-05  train: 1.027443e+01  validation: 1.426464e+01  
Epoch=    811,  lr= 3.125000e-05  train: 1.027443e+01  validation: 1.426464e+01  
Epoch=    812,  lr= 3.125000e-05  train: 1.027443e+01  validation: 1.426464e+01  
Epoch=    813,  lr= 3.125000e-05  train: 1.027443e+01  validation: 1.426464e+01  
Epoch=    814,  lr= 3.125000e-05  train: 1.027443e+01  validation: 1.426464e+01  
Epoch=    815,  lr= 3.125000e-05  train: 1.027443e+01  validation: 1.426464e+01  
Epoch=    816,  lr= 3.125000e-05  train: 1.027443e+01  validation: 1.426464e+01  
Epoch=    817,  lr= 3.125000e-05  train: 1.027443e+01  validation: 1.426464e+01  
Epoch=    818,  lr= 3.125000e-05  train: 1.027443e+01  validation: 1.426464e+01  
Epoch=    819,  lr= 3.125000e-05  train: 1.027443e+01  validation: 1.426464e+01  
Epoch=    820,  lr= 3.125000e-05  train: 1.027443e+01  validation: 1.426464e+01  
Epoch=    821,  lr= 3.125000e-05  train: 1.027443e+01  validation: 1.426464e+01  
Epoch=    822,  lr= 3.125000e-05  train: 1.027443e+01  validation: 1.426464e+01  
Epoch=    823,  lr= 3.125000e-05  train: 1.027443e+01  validation: 1.426464e+01  
Epoch=    824,  lr= 3.125000e-05  train: 1.027443e+01  validation: 1.426464e+01  
Epoch=    825,  lr= 3.125000e-05  train: 1.027443e+01  validation: 1.426464e+01  
Epoch=    826,  lr= 3.125000e-05  train: 1.027443e+01  validation: 1.426464e+01  
Epoch=    827,  lr= 3.125000e-05  train: 1.027443e+01  validation: 1.426464e+01  
Epoch=    828,  lr= 3.125000e-05  train: 1.027443e+01  validation: 1.426464e+01  
Epoch=    829,  lr= 3.125000e-05  train: 1.027443e+01  validation: 1.426464e+01  
Epoch=    830,  lr= 3.125000e-05  train: 1.027443e+01  validation: 1.426464e+01  
Epoch=    831,  lr= 3.125000e-05  train: 1.027443e+01  validation: 1.426464e+01  
Epoch=    832,  lr= 3.125000e-05  train: 1.027443e+01  validation: 1.426464e+01  
Epoch=    833,  lr= 3.125000e-05  train: 1.027443e+01  validation: 1.426464e+01  
Epoch=    834,  lr= 3.125000e-05  train: 1.027443e+01  validation: 1.426464e+01  
Epoch=    835,  lr= 3.125000e-05  train: 1.027443e+01  validation: 1.426464e+01  
Epoch=    836,  lr= 3.125000e-05  train: 1.027443e+01  validation: 1.426464e+01  
Epoch=    837,  lr= 3.125000e-05  train: 1.027443e+01  validation: 1.426464e+01  
Epoch=    838,  lr= 3.125000e-05  train: 1.027443e+01  validation: 1.426464e+01  
Epoch=    839,  lr= 3.125000e-05  train: 1.027443e+01  validation: 1.426464e+01  
Epoch=    840,  lr= 3.125000e-05  train: 1.027443e+01  validation: 1.426464e+01  
Epoch=    841,  lr= 3.125000e-05  train: 1.027443e+01  validation: 1.426464e+01  
Epoch=    842,  lr= 3.125000e-05  train: 1.027443e+01  validation: 1.426464e+01  
Epoch=    843,  lr= 3.125000e-05  train: 1.027443e+01  validation: 1.426464e+01  
Epoch=    844,  lr= 3.125000e-05  train: 1.027443e+01  validation: 1.426464e+01  
Epoch=    845,  lr= 3.125000e-05  train: 1.027443e+01  validation: 1.426464e+01  
Epoch=    846,  lr= 3.125000e-05  train: 1.027443e+01  validation: 1.426464e+01  
Epoch=    847,  lr= 3.125000e-05  train: 1.027443e+01  validation: 1.426464e+01  
Epoch=    848,  lr= 3.125000e-05  train: 1.027443e+01  validation: 1.426464e+01  
Epoch=    849,  lr= 3.125000e-05  train: 1.027443e+01  validation: 1.426464e+01  
Epoch=    850,  lr= 1.562500e-05  train: 1.027443e+01  validation: 1.426464e+01  
Epoch=    851,  lr= 1.562500e-05  train: 1.027443e+01  validation: 1.426464e+01  
Epoch=    852,  lr= 1.562500e-05  train: 1.027443e+01  validation: 1.426464e+01  
Epoch=    853,  lr= 1.562500e-05  train: 1.027443e+01  validation: 1.426464e+01  
Epoch=    854,  lr= 1.562500e-05  train: 1.027443e+01  validation: 1.426464e+01  
Epoch=    855,  lr= 1.562500e-05  train: 1.027443e+01  validation: 1.426464e+01  
Epoch=    856,  lr= 1.562500e-05  train: 1.027443e+01  validation: 1.426464e+01  
Epoch=    857,  lr= 1.562500e-05  train: 1.027443e+01  validation: 1.426464e+01  
Epoch=    858,  lr= 1.562500e-05  train: 1.027443e+01  validation: 1.426464e+01  
Epoch=    859,  lr= 1.562500e-05  train: 1.027443e+01  validation: 1.426464e+01  
Epoch=    860,  lr= 1.562500e-05  train: 1.027443e+01  validation: 1.426464e+01  
Epoch=    861,  lr= 1.562500e-05  train: 1.027443e+01  validation: 1.426464e+01  
Epoch=    862,  lr= 1.562500e-05  train: 1.027443e+01  validation: 1.426464e+01  
Epoch=    863,  lr= 1.562500e-05  train: 1.027443e+01  validation: 1.426464e+01  
Epoch=    864,  lr= 1.562500e-05  train: 1.027443e+01  validation: 1.426464e+01  
Epoch=    865,  lr= 1.562500e-05  train: 1.027443e+01  validation: 1.426464e+01  
Epoch=    866,  lr= 1.562500e-05  train: 1.027443e+01  validation: 1.426464e+01  
Epoch=    867,  lr= 1.562500e-05  train: 1.027443e+01  validation: 1.426464e+01  
Epoch=    868,  lr= 1.562500e-05  train: 1.027443e+01  validation: 1.426464e+01  
Epoch=    869,  lr= 1.562500e-05  train: 1.027443e+01  validation: 1.426464e+01  
Epoch=    870,  lr= 1.562500e-05  train: 1.027443e+01  validation: 1.426464e+01  
Epoch=    871,  lr= 1.562500e-05  train: 1.027443e+01  validation: 1.426464e+01  
Epoch=    872,  lr= 1.562500e-05  train: 1.027443e+01  validation: 1.426464e+01  
Epoch=    873,  lr= 1.562500e-05  train: 1.027443e+01  validation: 1.426464e+01  
Epoch=    874,  lr= 1.562500e-05  train: 1.027443e+01  validation: 1.426464e+01  
Epoch=    875,  lr= 1.562500e-05  train: 1.027443e+01  validation: 1.426464e+01  
Epoch=    876,  lr= 1.562500e-05  train: 1.027443e+01  validation: 1.426464e+01  
Epoch=    877,  lr= 1.562500e-05  train: 1.027443e+01  validation: 1.426464e+01  
Epoch=    878,  lr= 1.562500e-05  train: 1.027443e+01  validation: 1.426464e+01  
Epoch=    879,  lr= 1.562500e-05  train: 1.027443e+01  validation: 1.426464e+01  
Epoch=    880,  lr= 1.562500e-05  train: 1.027443e+01  validation: 1.426464e+01  
Epoch=    881,  lr= 1.562500e-05  train: 1.027443e+01  validation: 1.426464e+01  
Epoch=    882,  lr= 1.562500e-05  train: 1.027443e+01  validation: 1.426464e+01  
Epoch=    883,  lr= 1.562500e-05  train: 1.027443e+01  validation: 1.426464e+01  
Epoch=    884,  lr= 1.562500e-05  train: 1.027443e+01  validation: 1.426464e+01  
Epoch=    885,  lr= 1.562500e-05  train: 1.027443e+01  validation: 1.426464e+01  
Epoch=    886,  lr= 1.562500e-05  train: 1.027443e+01  validation: 1.426464e+01  
Epoch=    887,  lr= 1.562500e-05  train: 1.027443e+01  validation: 1.426464e+01  
Epoch=    888,  lr= 1.562500e-05  train: 1.027443e+01  validation: 1.426464e+01  
Epoch=    889,  lr= 1.562500e-05  train: 1.027443e+01  validation: 1.426464e+01  
Epoch=    890,  lr= 1.562500e-05  train: 1.027443e+01  validation: 1.426464e+01  
Epoch=    891,  lr= 1.562500e-05  train: 1.027443e+01  validation: 1.426464e+01  
Epoch=    892,  lr= 1.562500e-05  train: 1.027443e+01  validation: 1.426464e+01  
Epoch=    893,  lr= 1.562500e-05  train: 1.027443e+01  validation: 1.426464e+01  
Epoch=    894,  lr= 1.562500e-05  train: 1.027443e+01  validation: 1.426464e+01  
Epoch=    895,  lr= 1.562500e-05  train: 1.027443e+01  validation: 1.426464e+01  
Epoch=    896,  lr= 1.562500e-05  train: 1.027443e+01  validation: 1.426464e+01  
Epoch=    897,  lr= 1.562500e-05  train: 1.027443e+01  validation: 1.426464e+01  
Epoch=    898,  lr= 1.562500e-05  train: 1.027443e+01  validation: 1.426464e+01  
Epoch=    899,  lr= 1.562500e-05  train: 1.027443e+01  validation: 1.426464e+01  
Epoch=    900,  lr= 1.562500e-05  train: 1.027443e+01  validation: 1.426464e+01  
Epoch=    901,  lr= 1.562500e-05  train: 1.027443e+01  validation: 1.426464e+01  
Epoch=    902,  lr= 1.562500e-05  train: 1.027443e+01  validation: 1.426464e+01  
Epoch=    903,  lr= 1.562500e-05  train: 1.027443e+01  validation: 1.426464e+01  
Epoch=    904,  lr= 1.562500e-05  train: 1.027443e+01  validation: 1.426464e+01  
Epoch=    905,  lr= 1.562500e-05  train: 1.027443e+01  validation: 1.426464e+01  
Epoch=    906,  lr= 1.562500e-05  train: 1.027443e+01  validation: 1.426464e+01  
Epoch=    907,  lr= 1.562500e-05  train: 1.027443e+01  validation: 1.426464e+01  
Epoch=    908,  lr= 1.562500e-05  train: 1.027443e+01  validation: 1.426464e+01  
Epoch=    909,  lr= 1.562500e-05  train: 1.027443e+01  validation: 1.426464e+01  
Epoch=    910,  lr= 1.562500e-05  train: 1.027443e+01  validation: 1.426464e+01  
Epoch=    911,  lr= 1.562500e-05  train: 1.027443e+01  validation: 1.426464e+01  
Epoch=    912,  lr= 1.562500e-05  train: 1.027443e+01  validation: 1.426464e+01  
Epoch=    913,  lr= 1.562500e-05  train: 1.027443e+01  validation: 1.426464e+01  
Epoch=    914,  lr= 1.562500e-05  train: 1.027443e+01  validation: 1.426464e+01  
Epoch=    915,  lr= 1.562500e-05  train: 1.027443e+01  validation: 1.426464e+01  
Epoch=    916,  lr= 1.562500e-05  train: 1.027443e+01  validation: 1.426464e+01  
Epoch=    917,  lr= 1.562500e-05  train: 1.027443e+01  validation: 1.426464e+01  
Epoch=    918,  lr= 1.562500e-05  train: 1.027443e+01  validation: 1.426464e+01  
Epoch=    919,  lr= 1.562500e-05  train: 1.027443e+01  validation: 1.426464e+01  
Epoch=    920,  lr= 1.562500e-05  train: 1.027443e+01  validation: 1.426464e+01  
Epoch=    921,  lr= 1.562500e-05  train: 1.027443e+01  validation: 1.426464e+01  
Epoch=    922,  lr= 1.562500e-05  train: 1.027443e+01  validation: 1.426464e+01  
Epoch=    923,  lr= 1.562500e-05  train: 1.027443e+01  validation: 1.426464e+01  
Epoch=    924,  lr= 1.562500e-05  train: 1.027443e+01  validation: 1.426464e+01  
Epoch=    925,  lr= 1.562500e-05  train: 1.027443e+01  validation: 1.426464e+01  
Epoch=    926,  lr= 1.562500e-05  train: 1.027443e+01  validation: 1.426464e+01  
Epoch=    927,  lr= 1.562500e-05  train: 1.027443e+01  validation: 1.426464e+01  
Epoch=    928,  lr= 1.562500e-05  train: 1.027443e+01  validation: 1.426464e+01  
Epoch=    929,  lr= 1.562500e-05  train: 1.027443e+01  validation: 1.426464e+01  
Epoch=    930,  lr= 1.562500e-05  train: 1.027443e+01  validation: 1.426464e+01  
Epoch=    931,  lr= 1.562500e-05  train: 1.027443e+01  validation: 1.426464e+01  
Epoch=    932,  lr= 1.562500e-05  train: 1.027443e+01  validation: 1.426464e+01  
Epoch=    933,  lr= 1.562500e-05  train: 1.027443e+01  validation: 1.426464e+01  
Epoch=    934,  lr= 1.562500e-05  train: 1.027443e+01  validation: 1.426464e+01  
Epoch=    935,  lr= 1.562500e-05  train: 1.027443e+01  validation: 1.426464e+01  
Epoch=    936,  lr= 1.562500e-05  train: 1.027443e+01  validation: 1.426464e+01  
Epoch=    937,  lr= 1.562500e-05  train: 1.027443e+01  validation: 1.426464e+01  
Epoch=    938,  lr= 1.562500e-05  train: 1.027443e+01  validation: 1.426464e+01  
Epoch=    939,  lr= 1.562500e-05  train: 1.027443e+01  validation: 1.426464e+01  
Epoch=    940,  lr= 1.562500e-05  train: 1.027443e+01  validation: 1.426464e+01  
Epoch=    941,  lr= 1.562500e-05  train: 1.027443e+01  validation: 1.426464e+01  
Epoch=    942,  lr= 1.562500e-05  train: 1.027443e+01  validation: 1.426464e+01  
Epoch=    943,  lr= 1.562500e-05  train: 1.027443e+01  validation: 1.426464e+01  
Epoch=    944,  lr= 1.562500e-05  train: 1.027443e+01  validation: 1.426464e+01  
Epoch=    945,  lr= 1.562500e-05  train: 1.027443e+01  validation: 1.426464e+01  
Epoch=    946,  lr= 1.562500e-05  train: 1.027443e+01  validation: 1.426464e+01  
Epoch=    947,  lr= 1.562500e-05  train: 1.027443e+01  validation: 1.426464e+01  
Epoch=    948,  lr= 1.562500e-05  train: 1.027443e+01  validation: 1.426464e+01  
Epoch=    949,  lr= 1.562500e-05  train: 1.027443e+01  validation: 1.426464e+01  
Epoch=    950,  lr= 1.562500e-05  train: 1.027443e+01  validation: 1.426464e+01  
Epoch=    951,  lr= 1.562500e-05  train: 1.027443e+01  validation: 1.426464e+01  
Epoch=    952,  lr= 1.000000e-05  train: 1.027443e+01  validation: 1.426464e+01  
2023-05-18-00_02_51 
