Equivariant MPNN package based on three-body descriptors 
2023-05-16-23_27_16 
Epoch=      0,  lr= 2.000000e-03  train: 1.495547e+01  validation: 1.400448e+01  
Epoch=      1,  lr= 2.000000e-03  train: 1.503292e+01  validation: 1.326805e+01  
Epoch=      2,  lr= 2.000000e-03  train: 1.470223e+01  validation: 1.583856e+01  
Epoch=      3,  lr= 2.000000e-03  train: 1.490810e+01  validation: 1.421202e+01  
Epoch=      4,  lr= 2.000000e-03  train: 1.496307e+01  validation: 1.400873e+01  
Epoch=      5,  lr= 2.000000e-03  train: 1.472890e+01  validation: 1.556833e+01  
Epoch=      6,  lr= 2.000000e-03  train: 1.488326e+01  validation: 1.442063e+01  
Epoch=      7,  lr= 2.000000e-03  train: 1.472122e+01  validation: 1.562154e+01  
Epoch=      8,  lr= 2.000000e-03  train: 1.492113e+01  validation: 1.414505e+01  
Epoch=      9,  lr= 2.000000e-03  train: 1.485860e+01  validation: 1.464747e+01  
Epoch=     10,  lr= 2.000000e-03  train: 1.473331e+01  validation: 1.552057e+01  
Epoch=     11,  lr= 2.000000e-03  train: 1.489966e+01  validation: 1.442836e+01  
Epoch=     12,  lr= 2.000000e-03  train: 1.473569e+01  validation: 1.556757e+01  
Epoch=     13,  lr= 2.000000e-03  train: 1.483914e+01  validation: 1.478663e+01  
Epoch=     14,  lr= 2.000000e-03  train: 1.487854e+01  validation: 1.459298e+01  
Epoch=     15,  lr= 2.000000e-03  train: 1.488540e+01  validation: 1.439887e+01  
Epoch=     16,  lr= 2.000000e-03  train: 1.487284e+01  validation: 1.459103e+01  
Epoch=     17,  lr= 2.000000e-03  train: 1.499545e+01  validation: 1.351820e+01  
Epoch=     18,  lr= 2.000000e-03  train: 1.471805e+01  validation: 1.572972e+01  
Epoch=     19,  lr= 2.000000e-03  train: 1.495953e+01  validation: 1.396716e+01  
Epoch=     20,  lr= 2.000000e-03  train: 1.487141e+01  validation: 1.456752e+01  
Epoch=     21,  lr= 2.000000e-03  train: 1.474862e+01  validation: 1.545622e+01  
Epoch=     22,  lr= 2.000000e-03  train: 1.488540e+01  validation: 1.452305e+01  
Epoch=     23,  lr= 2.000000e-03  train: 1.483747e+01  validation: 1.477533e+01  
Epoch=     24,  lr= 2.000000e-03  train: 1.495637e+01  validation: 1.396000e+01  
Epoch=     25,  lr= 2.000000e-03  train: 1.478627e+01  validation: 1.527115e+01  
Epoch=     26,  lr= 2.000000e-03  train: 1.496331e+01  validation: 1.381617e+01  
Epoch=     27,  lr= 2.000000e-03  train: 1.489946e+01  validation: 1.443633e+01  
Epoch=     28,  lr= 2.000000e-03  train: 1.485889e+01  validation: 1.468202e+01  
Epoch=     29,  lr= 2.000000e-03  train: 1.487648e+01  validation: 1.460568e+01  
Epoch=     30,  lr= 2.000000e-03  train: 1.495130e+01  validation: 1.384631e+01  
Epoch=     31,  lr= 2.000000e-03  train: 1.482140e+01  validation: 1.487324e+01  
Epoch=     32,  lr= 2.000000e-03  train: 1.465915e+01  validation: 1.604101e+01  
Epoch=     33,  lr= 2.000000e-03  train: 1.479467e+01  validation: 1.508798e+01  
Epoch=     34,  lr= 2.000000e-03  train: 1.491463e+01  validation: 1.423090e+01  
Epoch=     35,  lr= 2.000000e-03  train: 1.494122e+01  validation: 1.396827e+01  
Epoch=     36,  lr= 2.000000e-03  train: 1.492243e+01  validation: 1.420187e+01  
Epoch=     37,  lr= 2.000000e-03  train: 1.497586e+01  validation: 1.370217e+01  
Epoch=     38,  lr= 2.000000e-03  train: 1.494974e+01  validation: 1.388040e+01  
Epoch=     39,  lr= 2.000000e-03  train: 1.480079e+01  validation: 1.508682e+01  
Epoch=     40,  lr= 2.000000e-03  train: 1.477995e+01  validation: 1.522171e+01  
Epoch=     41,  lr= 2.000000e-03  train: 1.469064e+01  validation: 1.590345e+01  
Epoch=     42,  lr= 2.000000e-03  train: 1.469102e+01  validation: 1.588828e+01  
Epoch=     43,  lr= 2.000000e-03  train: 1.480494e+01  validation: 1.511995e+01  
Epoch=     44,  lr= 2.000000e-03  train: 1.474408e+01  validation: 1.559452e+01  
Epoch=     45,  lr= 2.000000e-03  train: 1.467321e+01  validation: 1.610526e+01  
Epoch=     46,  lr= 2.000000e-03  train: 1.483526e+01  validation: 1.480348e+01  
Epoch=     47,  lr= 2.000000e-03  train: 1.469189e+01  validation: 1.595043e+01  
Epoch=     48,  lr= 2.000000e-03  train: 1.484405e+01  validation: 1.508947e+01  
Epoch=     49,  lr= 2.000000e-03  train: 1.501078e+01  validation: 1.351088e+01  
Epoch=     50,  lr= 2.000000e-03  train: 1.474768e+01  validation: 1.544506e+01  
Epoch=     51,  lr= 2.000000e-03  train: 1.483366e+01  validation: 1.480983e+01  
Epoch=     52,  lr= 2.000000e-03  train: 1.477304e+01  validation: 1.526397e+01  
Epoch=     53,  lr= 2.000000e-03  train: 1.491229e+01  validation: 1.419392e+01  
Epoch=     54,  lr= 2.000000e-03  train: 1.479304e+01  validation: 1.522774e+01  
Epoch=     55,  lr= 2.000000e-03  train: 1.490901e+01  validation: 1.432051e+01  
Epoch=     56,  lr= 2.000000e-03  train: 1.476680e+01  validation: 1.530566e+01  
Epoch=     57,  lr= 2.000000e-03  train: 1.485033e+01  validation: 1.470967e+01  
Epoch=     58,  lr= 2.000000e-03  train: 1.474945e+01  validation: 1.550024e+01  
Epoch=     59,  lr= 2.000000e-03  train: 1.486787e+01  validation: 1.454203e+01  
Epoch=     60,  lr= 2.000000e-03  train: 1.481612e+01  validation: 1.498922e+01  
Epoch=     61,  lr= 2.000000e-03  train: 1.462149e+01  validation: 1.632151e+01  
Epoch=     62,  lr= 2.000000e-03  train: 1.466257e+01  validation: 1.604475e+01  
Epoch=     63,  lr= 2.000000e-03  train: 1.473186e+01  validation: 1.560129e+01  
Epoch=     64,  lr= 2.000000e-03  train: 1.513562e+01  validation: 1.248989e+01  
Epoch=     65,  lr= 2.000000e-03  train: 1.495380e+01  validation: 1.386898e+01  
Epoch=     66,  lr= 2.000000e-03  train: 1.467219e+01  validation: 1.601717e+01  
Epoch=     67,  lr= 2.000000e-03  train: 1.484540e+01  validation: 1.479819e+01  
Epoch=     68,  lr= 2.000000e-03  train: 1.479203e+01  validation: 1.528509e+01  
Epoch=     69,  lr= 2.000000e-03  train: 1.487295e+01  validation: 1.474491e+01  
Epoch=     70,  lr= 2.000000e-03  train: 1.487538e+01  validation: 1.449893e+01  
Epoch=     71,  lr= 2.000000e-03  train: 1.495569e+01  validation: 1.385496e+01  
Epoch=     72,  lr= 2.000000e-03  train: 1.475867e+01  validation: 1.539651e+01  
Epoch=     73,  lr= 2.000000e-03  train: 1.491641e+01  validation: 1.427501e+01  
Epoch=     74,  lr= 2.000000e-03  train: 1.501674e+01  validation: 1.350376e+01  
Epoch=     75,  lr= 2.000000e-03  train: 1.479374e+01  validation: 1.515307e+01  
Epoch=     76,  lr= 2.000000e-03  train: 1.483623e+01  validation: 1.476927e+01  
Epoch=     77,  lr= 2.000000e-03  train: 1.484309e+01  validation: 1.474587e+01  
Epoch=     78,  lr= 2.000000e-03  train: 1.468383e+01  validation: 1.591687e+01  
Epoch=     79,  lr= 2.000000e-03  train: 1.457290e+01  validation: 1.667854e+01  
Epoch=     80,  lr= 2.000000e-03  train: 1.477930e+01  validation: 1.519470e+01  
Epoch=     81,  lr= 2.000000e-03  train: 1.488553e+01  validation: 1.439349e+01  
Epoch=     82,  lr= 2.000000e-03  train: 1.482908e+01  validation: 1.483331e+01  
Epoch=     83,  lr= 2.000000e-03  train: 1.462330e+01  validation: 1.634001e+01  
Epoch=     84,  lr= 2.000000e-03  train: 1.485322e+01  validation: 1.476202e+01  
Epoch=     85,  lr= 2.000000e-03  train: 1.481628e+01  validation: 1.491650e+01  
Epoch=     86,  lr= 2.000000e-03  train: 1.486300e+01  validation: 1.457308e+01  
Epoch=     87,  lr= 2.000000e-03  train: 1.488751e+01  validation: 1.452221e+01  
Epoch=     88,  lr= 2.000000e-03  train: 1.485051e+01  validation: 1.480580e+01  
Epoch=     89,  lr= 2.000000e-03  train: 1.485982e+01  validation: 1.472810e+01  
Epoch=     90,  lr= 2.000000e-03  train: 1.487568e+01  validation: 1.458588e+01  
Epoch=     91,  lr= 2.000000e-03  train: 1.508844e+01  validation: 1.289504e+01  
Epoch=     92,  lr= 2.000000e-03  train: 1.496504e+01  validation: 1.390974e+01  
Epoch=     93,  lr= 2.000000e-03  train: 1.483089e+01  validation: 1.482765e+01  
Epoch=     94,  lr= 2.000000e-03  train: 1.483227e+01  validation: 1.487094e+01  
Epoch=     95,  lr= 2.000000e-03  train: 1.499669e+01  validation: 1.361951e+01  
Epoch=     96,  lr= 2.000000e-03  train: 1.468067e+01  validation: 1.604516e+01  
Epoch=     97,  lr= 2.000000e-03  train: 1.493324e+01  validation: 1.425258e+01  
Epoch=     98,  lr= 2.000000e-03  train: 1.485310e+01  validation: 1.472904e+01  
Epoch=     99,  lr= 2.000000e-03  train: 1.469540e+01  validation: 1.599739e+01  
Epoch=    100,  lr= 2.000000e-03  train: 1.487597e+01  validation: 1.456424e+01  
Epoch=    101,  lr= 2.000000e-03  train: 1.485334e+01  validation: 1.465175e+01  
Epoch=    102,  lr= 2.000000e-03  train: 1.481491e+01  validation: 1.496331e+01  
Epoch=    103,  lr= 2.000000e-03  train: 1.471062e+01  validation: 1.572900e+01  
Epoch=    104,  lr= 2.000000e-03  train: 1.471569e+01  validation: 1.576454e+01  
Epoch=    105,  lr= 2.000000e-03  train: 1.476964e+01  validation: 1.526523e+01  
Epoch=    106,  lr= 2.000000e-03  train: 1.494609e+01  validation: 1.405462e+01  
Epoch=    107,  lr= 2.000000e-03  train: 1.492481e+01  validation: 1.410234e+01  
Epoch=    108,  lr= 2.000000e-03  train: 1.484552e+01  validation: 1.471934e+01  
Epoch=    109,  lr= 2.000000e-03  train: 1.504301e+01  validation: 1.318717e+01  
Epoch=    110,  lr= 2.000000e-03  train: 1.487742e+01  validation: 1.444836e+01  
Epoch=    111,  lr= 2.000000e-03  train: 1.488415e+01  validation: 1.445223e+01  
Epoch=    112,  lr= 2.000000e-03  train: 1.492202e+01  validation: 1.412319e+01  
Epoch=    113,  lr= 2.000000e-03  train: 1.492374e+01  validation: 1.417315e+01  
Epoch=    114,  lr= 2.000000e-03  train: 1.487276e+01  validation: 1.456897e+01  
Epoch=    115,  lr= 2.000000e-03  train: 1.496142e+01  validation: 1.383131e+01  
Epoch=    116,  lr= 2.000000e-03  train: 1.490469e+01  validation: 1.431665e+01  
Epoch=    117,  lr= 2.000000e-03  train: 1.481739e+01  validation: 1.500558e+01  
Epoch=    118,  lr= 2.000000e-03  train: 1.501370e+01  validation: 1.338669e+01  
Epoch=    119,  lr= 2.000000e-03  train: 1.486470e+01  validation: 1.462678e+01  
Epoch=    120,  lr= 2.000000e-03  train: 1.489939e+01  validation: 1.436055e+01  
Epoch=    121,  lr= 2.000000e-03  train: 1.479073e+01  validation: 1.516096e+01  
Epoch=    122,  lr= 2.000000e-03  train: 1.486505e+01  validation: 1.481548e+01  
Epoch=    123,  lr= 2.000000e-03  train: 1.478181e+01  validation: 1.531547e+01  
Epoch=    124,  lr= 2.000000e-03  train: 1.500161e+01  validation: 1.348909e+01  
Epoch=    125,  lr= 2.000000e-03  train: 1.494945e+01  validation: 1.406713e+01  
Epoch=    126,  lr= 2.000000e-03  train: 1.482929e+01  validation: 1.486842e+01  
Epoch=    127,  lr= 2.000000e-03  train: 1.488561e+01  validation: 1.445331e+01  
Epoch=    128,  lr= 2.000000e-03  train: 1.482653e+01  validation: 1.490062e+01  
Epoch=    129,  lr= 2.000000e-03  train: 1.486719e+01  validation: 1.468195e+01  
Epoch=    130,  lr= 2.000000e-03  train: 1.473175e+01  validation: 1.577173e+01  
Epoch=    131,  lr= 2.000000e-03  train: 1.461261e+01  validation: 1.654944e+01  
Epoch=    132,  lr= 2.000000e-03  train: 1.469057e+01  validation: 1.593708e+01  
Epoch=    133,  lr= 2.000000e-03  train: 1.479043e+01  validation: 1.529580e+01  
Epoch=    134,  lr= 2.000000e-03  train: 1.478300e+01  validation: 1.534177e+01  
Epoch=    135,  lr= 2.000000e-03  train: 1.486846e+01  validation: 1.471415e+01  
Epoch=    136,  lr= 2.000000e-03  train: 1.471870e+01  validation: 1.580592e+01  
Epoch=    137,  lr= 2.000000e-03  train: 1.463918e+01  validation: 1.632888e+01  
Epoch=    138,  lr= 2.000000e-03  train: 1.483739e+01  validation: 1.482417e+01  
Epoch=    139,  lr= 2.000000e-03  train: 1.489202e+01  validation: 1.454754e+01  
Epoch=    140,  lr= 2.000000e-03  train: 1.482112e+01  validation: 1.491361e+01  
Epoch=    141,  lr= 2.000000e-03  train: 1.480963e+01  validation: 1.501374e+01  
Epoch=    142,  lr= 2.000000e-03  train: 1.484331e+01  validation: 1.490560e+01  
Epoch=    143,  lr= 2.000000e-03  train: 1.494133e+01  validation: 1.397766e+01  
